[0.024s] Invoking command in '/home/tim/dev_ws/build/my_bot': CMAKE_PREFIX_PATH=${CMAKE_PREFIX_PATH}:/opt/ros/jazzy DEBUGINFOD_URLS=https://debuginfod.ubuntu.com /usr/bin/cmake --build /home/tim/dev_ws/build/my_bot -- -j16 -l16
[0.064s] -- Found ament_cmake: 2.5.3 (/opt/ros/jazzy/share/ament_cmake/cmake)
[0.306s] -- Override CMake install command with custom implementation using symlinks instead of copying resources
[0.315s] -- Found controller_manager: 4.21.0 (/opt/ros/jazzy/share/controller_manager/cmake)
[0.347s] -- Found rosidl_generator_c: 4.6.5 (/opt/ros/jazzy/share/rosidl_generator_c/cmake)
[0.355s] -- Found rosidl_generator_cpp: 4.6.5 (/opt/ros/jazzy/share/rosidl_generator_cpp/cmake)
[0.364s] -- Using all available rosidl_typesupport_c: rosidl_typesupport_fastrtps_c;rosidl_typesupport_introspection_c
[0.375s] -- Using all available rosidl_typesupport_cpp: rosidl_typesupport_fastrtps_cpp;rosidl_typesupport_introspection_cpp
[0.550s] -- Found TinyXML2 via Config file: /usr/lib/x86_64-linux-gnu/cmake/tinyxml2
[0.581s] -- Found rmw_implementation_cmake: 7.3.1 (/opt/ros/jazzy/share/rmw_implementation_cmake/cmake)
[0.582s] -- Found rmw_fastrtps_cpp: 8.4.1 (/opt/ros/jazzy/share/rmw_fastrtps_cpp/cmake)
[0.599s] -- Found TinyXML2 via Config file: /usr/lib/x86_64-linux-gnu/cmake/tinyxml2
[0.609s] -- Found TinyXML2 via Config file: /usr/lib/x86_64-linux-gnu/cmake/tinyxml2
[0.634s] -- Found TinyXML2 via Config file: /usr/lib/x86_64-linux-gnu/cmake/tinyxml2
[0.645s] -- Found TinyXML2 via Config file: /usr/lib/x86_64-linux-gnu/cmake/tinyxml2
[0.657s] -- Using RMW implementation 'rmw_fastrtps_cpp' as default
[0.838s] -- Found parameter_traits: 0.3.9 (/opt/ros/jazzy/share/parameter_traits/cmake)
[0.844s] -- Found gripper_controllers: 4.18.0 (/opt/ros/jazzy/share/gripper_controllers/cmake)
[0.865s] -- Found gz_ros2_control: 1.2.9 (/opt/ros/jazzy/share/gz_ros2_control/cmake)
[0.867s] -- Found ros_gz: 1.0.7 (/opt/ros/jazzy/share/ros_gz/cmake)
[0.867s] -- Found ros_gz_bridge: 1.0.7 (/opt/ros/jazzy/share/ros_gz_bridge/cmake)
[0.895s] -- Looking for gz-msgs10 -- found version 10.3.1
[0.899s] -- Searching for dependencies of gz-msgs10
[0.916s] -- Looking for gz-utils2 -- found version 2.2.0
[0.916s] -- Searching for dependencies of gz-utils2
[0.917s] -- Looking for gz-math7 -- found version 7.5.1
[0.918s] -- Searching for dependencies of gz-math7
[0.918s] -- Looking for gz-utils2 -- found version 2.2.0
[0.923s] -- Checking for module 'tinyxml2'
[0.943s] --   Found tinyxml2, version 10.0.0
[1.171s] -- Looking for gz-transport13 -- found version 13.4.0
[1.171s] -- Searching for dependencies of gz-transport13
[1.213s] -- Config-file not installed for ZeroMQ -- checking for pkg-config
[1.217s] -- Checking for module 'libzmq >= 4'
[1.235s] --   Found libzmq, version 4.3.5
[1.328s] -- Checking for module 'uuid'
[1.364s] --   Found uuid, version 2.39.3
[1.437s] -- Looking for gz-utils2 -- found version 2.2.0
[1.437s] -- Searching for dependencies of gz-utils2
[1.437s] -- Searching for <gz-utils2> component [cli]
[1.438s] -- Looking for gz-utils2-cli -- found version 2.2.0
[1.438s] -- Searching for dependencies of gz-utils2-cli
[1.439s] -- Looking for gz-msgs10 -- found version 10.3.1
[1.608s] -- Found ros_gz_image: 1.0.7 (/opt/ros/jazzy/share/ros_gz_image/cmake)
[1.608s] -- Found ros_gz_sim: 1.0.7 (/opt/ros/jazzy/share/ros_gz_sim/cmake)
[1.610s] -- Found ros2_control: 4.21.0 (/opt/ros/jazzy/share/ros2_control/cmake)
[1.610s] -- Found ros2_controllers: 4.18.0 (/opt/ros/jazzy/share/ros2_controllers/cmake)
[1.610s] -- Found xacro: 2.0.11 (/opt/ros/jazzy/share/xacro/cmake)
[1.611s] -- Found ament_lint_auto: 0.17.1 (/opt/ros/jazzy/share/ament_lint_auto/cmake)
[1.710s] -- Added test 'copyright' to check source files copyright and LICENSE
[1.712s] -- Added test 'flake8' to check Python code syntax and style conventions
[1.712s] -- Configured 'flake8' exclude dirs and/or files: 
[1.712s] -- Added test 'lint_cmake' to check CMake code style
[1.713s] -- Added test 'pep257' to check Python code against some of the docstring style conventions in PEP 257
[1.714s] -- Added test 'xmllint' to check XML markup files
[1.714s] -- Configuring done (1.7s)
[1.720s] -- Generating done (0.0s)
[1.723s] -- Build files have been written to: /home/tim/dev_ws/build/my_bot
[1.761s] Invoked command in '/home/tim/dev_ws/build/my_bot' returned '0': CMAKE_PREFIX_PATH=${CMAKE_PREFIX_PATH}:/opt/ros/jazzy DEBUGINFOD_URLS=https://debuginfod.ubuntu.com /usr/bin/cmake --build /home/tim/dev_ws/build/my_bot -- -j16 -l16
[1.762s] Invoking command in '/home/tim/dev_ws/build/my_bot': CMAKE_PREFIX_PATH=${CMAKE_PREFIX_PATH}:/opt/ros/jazzy DEBUGINFOD_URLS=https://debuginfod.ubuntu.com /usr/bin/cmake --install /home/tim/dev_ws/build/my_bot
[1.773s] -- Install configuration: ""
[1.773s] -- Execute custom install script
[1.774s] -- Up-to-date symlink: /home/tim/dev_ws/install/my_bot/share/my_bot/config/controllers.yaml
[1.774s] -- Up-to-date symlink: /home/tim/dev_ws/install/my_bot/share/my_bot/config/empty.yaml
[1.774s] -- Up-to-date symlink: /home/tim/dev_ws/install/my_bot/share/my_bot/config/gaz_ros2_ctl_use_sim.yaml
[1.774s] -- Up-to-date symlink: /home/tim/dev_ws/install/my_bot/share/my_bot/config/gz_bridge.yaml
[1.774s] -- Up-to-date symlink: /home/tim/dev_ws/install/my_bot/share/my_bot/config/joint_trajectory_publisher.yaml
[1.774s] -- Up-to-date symlink: /home/tim/dev_ws/install/my_bot/share/my_bot/description/camera.xacro
[1.775s] -- Up-to-date symlink: /home/tim/dev_ws/install/my_bot/share/my_bot/description/gazebo_control.xacro
[1.776s] -- Up-to-date symlink: /home/tim/dev_ws/install/my_bot/share/my_bot/description/inertial_macros.xacro
[1.776s] -- Up-to-date symlink: /home/tim/dev_ws/install/my_bot/share/my_bot/description/robot.urdf
[1.777s] -- Up-to-date symlink: /home/tim/dev_ws/install/my_bot/share/my_bot/description/robot.urdf.xacro
[1.777s] -- Up-to-date symlink: /home/tim/dev_ws/install/my_bot/share/my_bot/description/robot_core.xacro
[1.778s] -- Up-to-date symlink: /home/tim/dev_ws/install/my_bot/share/my_bot/description/ros2_control.xacro
[1.778s] -- Up-to-date symlink: /home/tim/dev_ws/install/my_bot/share/my_bot/launch/launch_sim.launch.py
[1.778s] -- Up-to-date symlink: /home/tim/dev_ws/install/my_bot/share/my_bot/launch/launch_sim_arti.launch.py
[1.778s] -- Up-to-date symlink: /home/tim/dev_ws/install/my_bot/share/my_bot/launch/rsp.launch.py
[1.778s] -- Up-to-date symlink: /home/tim/dev_ws/install/my_bot/share/my_bot/worlds/empty.world
[1.779s] -- Up-to-date symlink: /home/tim/dev_ws/install/my_bot/share/my_bot/worlds/obstacles.world
[1.779s] -- Up-to-date symlink: /home/tim/dev_ws/install/my_bot/share/ament_index/resource_index/package_run_dependencies/my_bot
[1.779s] -- Up-to-date symlink: /home/tim/dev_ws/install/my_bot/share/ament_index/resource_index/parent_prefix_path/my_bot
[1.779s] -- Up-to-date symlink: /home/tim/dev_ws/install/my_bot/share/my_bot/environment/ament_prefix_path.sh
[1.779s] -- Up-to-date symlink: /home/tim/dev_ws/install/my_bot/share/my_bot/environment/ament_prefix_path.dsv
[1.779s] -- Up-to-date symlink: /home/tim/dev_ws/install/my_bot/share/my_bot/environment/path.sh
[1.780s] -- Up-to-date symlink: /home/tim/dev_ws/install/my_bot/share/my_bot/environment/path.dsv
[1.780s] -- Up-to-date symlink: /home/tim/dev_ws/install/my_bot/share/my_bot/local_setup.bash
[1.780s] -- Up-to-date symlink: /home/tim/dev_ws/install/my_bot/share/my_bot/local_setup.sh
[1.780s] -- Up-to-date symlink: /home/tim/dev_ws/install/my_bot/share/my_bot/local_setup.zsh
[1.781s] -- Up-to-date symlink: /home/tim/dev_ws/install/my_bot/share/my_bot/local_setup.dsv
[1.781s] -- Symlinking: /home/tim/dev_ws/install/my_bot/share/my_bot/package.dsv
[1.793s] -- Up-to-date symlink: /home/tim/dev_ws/install/my_bot/share/ament_index/resource_index/packages/my_bot
[1.793s] -- Up-to-date symlink: /home/tim/dev_ws/install/my_bot/share/my_bot/cmake/my_botConfig.cmake
[1.793s] -- Up-to-date symlink: /home/tim/dev_ws/install/my_bot/share/my_bot/cmake/my_botConfig-version.cmake
[1.793s] -- Up-to-date symlink: /home/tim/dev_ws/install/my_bot/share/my_bot/package.xml
[1.796s] Invoked command in '/home/tim/dev_ws/build/my_bot' returned '0': CMAKE_PREFIX_PATH=${CMAKE_PREFIX_PATH}:/opt/ros/jazzy DEBUGINFOD_URLS=https://debuginfod.ubuntu.com /usr/bin/cmake --install /home/tim/dev_ws/build/my_bot
