[0.009s] Invoking command in '/home/tim/dev_ws/build/my_bot': DEBUGINFOD_URLS=https://debuginfod.ubuntu.com /usr/bin/cmake /home/tim/dev_ws/src/my_bot -DCMAKE_INSTALL_PREFIX=/home/tim/dev_ws/install/my_bot
[0.029s] -- Found ament_cmake: 2.5.3 (/opt/ros/jazzy/share/ament_cmake/cmake)
[0.203s] -- Override CMake install command with custom implementation using symlinks instead of copying resources
[0.217s] -- Found controller_manager: 4.21.0 (/opt/ros/jazzy/share/controller_manager/cmake)
[0.273s] -- Found rosidl_generator_c: 4.6.5 (/opt/ros/jazzy/share/rosidl_generator_c/cmake)
[0.287s] -- Found rosidl_generator_cpp: 4.6.5 (/opt/ros/jazzy/share/rosidl_generator_cpp/cmake)
[0.302s] -- Using all available rosidl_typesupport_c: rosidl_typesupport_fastrtps_c;rosidl_typesupport_introspection_c
[0.320s] -- Using all available rosidl_typesupport_cpp: rosidl_typesupport_fastrtps_cpp;rosidl_typesupport_introspection_cpp
[0.513s] -- Found TinyXML2 via Config file: /usr/lib/x86_64-linux-gnu/cmake/tinyxml2
[0.557s] -- Found rmw_implementation_cmake: 7.3.1 (/opt/ros/jazzy/share/rmw_implementation_cmake/cmake)
[0.560s] -- Found rmw_fastrtps_cpp: 8.4.1 (/opt/ros/jazzy/share/rmw_fastrtps_cpp/cmake)
[0.586s] -- Found TinyXML2 via Config file: /usr/lib/x86_64-linux-gnu/cmake/tinyxml2
[0.660s] -- Found OpenSSL: /usr/lib/x86_64-linux-gnu/libcrypto.so (found version "3.0.13")  
[0.666s] -- Found TinyXML2 via Config file: /usr/lib/x86_64-linux-gnu/cmake/tinyxml2
[0.687s] -- Found FastRTPS: /opt/ros/jazzy/include (Required is at least version "2.13") 
[0.691s] -- Found TinyXML2 via Config file: /usr/lib/x86_64-linux-gnu/cmake/tinyxml2
[0.699s] -- Found TinyXML2 via Config file: /usr/lib/x86_64-linux-gnu/cmake/tinyxml2
[0.709s] -- Using RMW implementation 'rmw_fastrtps_cpp' as default
[1.073s] -- Found parameter_traits: 0.3.9 (/opt/ros/jazzy/share/parameter_traits/cmake)
[1.092s] -- Found gripper_controllers: 4.18.0 (/opt/ros/jazzy/share/gripper_controllers/cmake)
[1.122s] -- Found gz_ros2_control: 1.2.9 (/opt/ros/jazzy/share/gz_ros2_control/cmake)
[1.126s] -- Found ros_gz: 1.0.7 (/opt/ros/jazzy/share/ros_gz/cmake)
[1.128s] -- Found ros_gz_bridge: 1.0.7 (/opt/ros/jazzy/share/ros_gz_bridge/cmake)
[1.172s] -- Looking for gz-msgs10 -- found version 10.3.1
[1.179s] -- Searching for dependencies of gz-msgs10
[1.203s] -- Found Protobuf: /usr/lib/x86_64-linux-gnu/libprotobuf.so (found version "3.21.12") 
[1.205s] -- Looking for gz-utils2 -- found version 2.2.0
[1.205s] -- Searching for dependencies of gz-utils2
[1.207s] -- Looking for gz-math7 -- found version 7.5.1
[1.207s] -- Searching for dependencies of gz-math7
[1.208s] -- Looking for gz-utils2 -- found version 2.2.0
[1.212s] -- Checking for module 'tinyxml2'
[1.227s] --   Found tinyxml2, version 10.0.0
[1.381s] -- Looking for gz-transport13 -- found version 13.4.0
[1.381s] -- Searching for dependencies of gz-transport13
[1.411s] -- Config-file not installed for ZeroMQ -- checking for pkg-config
[1.415s] -- Checking for module 'libzmq >= 4'
[1.435s] --   Found libzmq, version 4.3.5
[1.483s] -- Found ZeroMQ: TRUE (Required is at least version "4") 
[1.493s] -- Checking for module 'uuid'
[1.516s] --   Found uuid, version 2.39.3
[1.559s] -- Found UUID: TRUE  
[1.560s] -- Looking for gz-utils2 -- found version 2.2.0
[1.560s] -- Searching for dependencies of gz-utils2
[1.560s] -- Searching for <gz-utils2> component [cli]
[1.564s] -- Looking for gz-utils2-cli -- found version 2.2.0
[1.564s] -- Searching for dependencies of gz-utils2-cli
[1.566s] -- Looking for gz-msgs10 -- found version 10.3.1
[1.702s] -- Found ros_gz_image: 1.0.7 (/opt/ros/jazzy/share/ros_gz_image/cmake)
[1.705s] -- Found ros_gz_sim: 1.0.7 (/opt/ros/jazzy/share/ros_gz_sim/cmake)
[1.709s] -- Found ros2_control: 4.21.0 (/opt/ros/jazzy/share/ros2_control/cmake)
[1.711s] -- Found ros2_controllers: 4.18.0 (/opt/ros/jazzy/share/ros2_controllers/cmake)
[1.714s] -- Found xacro: 2.0.11 (/opt/ros/jazzy/share/xacro/cmake)
[1.715s] -- Found ament_lint_auto: 0.17.1 (/opt/ros/jazzy/share/ament_lint_auto/cmake)
[1.779s] Error parsing '/home/tim/dev_ws/src/my_bot/package.xml':
[3.197s] Traceback (most recent call last):
[3.197s]   File "/opt/ros/jazzy/share/ament_cmake_core/cmake/core/package_xml_2_cmake.py", line 150, in <module>
[3.197s]     main()
[3.198s]   File "/opt/ros/jazzy/share/ament_cmake_core/cmake/core/package_xml_2_cmake.py", line 53, in main
[3.198s]     raise e
[3.198s]   File "/opt/ros/jazzy/share/ament_cmake_core/cmake/core/package_xml_2_cmake.py", line 49, in main
[3.198s]     package = parse_package_string(
[3.198s]               ^^^^^^^^^^^^^^^^^^^^^
[3.198s]   File "/usr/lib/python3/dist-packages/catkin_pkg/package.py", line 786, in parse_package_string
[3.198s]     raise InvalidPackage('Error(s):%s' % (''.join(['\n- %s' % e for e in errors])), filename)
[3.198s] catkin_pkg.package.InvalidPackage: Error(s) in package '/home/tim/dev_ws/src/my_bot/package.xml':
[3.198s] Error(s):
[3.199s] - The generic dependency on 'ros_gz_bridge' is redundant with: exec_depend
[3.199s] - The generic dependency on 'xacro' is redundant with: exec_depend
[3.221s] [31mCMake Error at /opt/ros/jazzy/share/ament_cmake_core/cmake/core/ament_package_xml.cmake:95 (message):
[3.221s]   execute_process(/usr/bin/python3
[3.221s]   /opt/ros/jazzy/share/ament_cmake_core/cmake/core/package_xml_2_cmake.py
[3.221s]   /home/tim/dev_ws/src/my_bot/package.xml
[3.221s]   /home/tim/dev_ws/build/my_bot/ament_cmake_core/package.cmake) returned
[3.221s]   error code 1
[3.221s] Call Stack (most recent call first):
[3.222s]   /opt/ros/jazzy/share/ament_cmake_core/cmake/core/ament_package_xml.cmake:49 (_ament_package_xml)
[3.222s]   /opt/ros/jazzy/share/ament_lint_auto/cmake/ament_lint_auto_find_test_dependencies.cmake:31 (ament_package_xml)
[3.222s]   CMakeLists.txt:57 (ament_lint_auto_find_test_dependencies)
[3.222s] 
[3.222s] [0m
[3.222s] -- Configuring incomplete, errors occurred!
[3.230s] Invoked command in '/home/tim/dev_ws/build/my_bot' returned '1': DEBUGINFOD_URLS=https://debuginfod.ubuntu.com /usr/bin/cmake /home/tim/dev_ws/src/my_bot -DCMAKE_INSTALL_PREFIX=/home/tim/dev_ws/install/my_bot
