[0.009s] Invoking command in '/home/tim/dev_ws/build/my_bot': DEBUGINFOD_URLS=https://debuginfod.ubuntu.com /usr/bin/cmake /home/tim/dev_ws/src/my_bot -DCMAKE_INSTALL_PREFIX=/home/tim/dev_ws/install/my_bot
[0.018s] -- Found ament_cmake: 2.5.3 (/opt/ros/jazzy/share/ament_cmake/cmake)
[0.176s] -- Override CMake install command with custom implementation using symlinks instead of copying resources
[0.181s] -- Found controller_manager: 4.21.0 (/opt/ros/jazzy/share/controller_manager/cmake)
[0.203s] -- Found rosidl_generator_c: 4.6.5 (/opt/ros/jazzy/share/rosidl_generator_c/cmake)
[0.209s] -- Found rosidl_generator_cpp: 4.6.5 (/opt/ros/jazzy/share/rosidl_generator_cpp/cmake)
[0.218s] -- Using all available rosidl_typesupport_c: rosidl_typesupport_fastrtps_c;rosidl_typesupport_introspection_c
[0.227s] -- Using all available rosidl_typesupport_cpp: rosidl_typesupport_fastrtps_cpp;rosidl_typesupport_introspection_cpp
[0.365s] -- Found TinyXML2 via Config file: /usr/lib/x86_64-linux-gnu/cmake/tinyxml2
[0.392s] -- Found rmw_implementation_cmake: 7.3.1 (/opt/ros/jazzy/share/rmw_implementation_cmake/cmake)
[0.393s] -- Found rmw_fastrtps_cpp: 8.4.1 (/opt/ros/jazzy/share/rmw_fastrtps_cpp/cmake)
[0.410s] -- Found TinyXML2 via Config file: /usr/lib/x86_64-linux-gnu/cmake/tinyxml2
[0.417s] -- Found TinyXML2 via Config file: /usr/lib/x86_64-linux-gnu/cmake/tinyxml2
[0.431s] -- Found TinyXML2 via Config file: /usr/lib/x86_64-linux-gnu/cmake/tinyxml2
[0.439s] -- Found TinyXML2 via Config file: /usr/lib/x86_64-linux-gnu/cmake/tinyxml2
[0.448s] -- Using RMW implementation 'rmw_fastrtps_cpp' as default
[0.578s] -- Found parameter_traits: 0.3.9 (/opt/ros/jazzy/share/parameter_traits/cmake)
[0.584s] -- Found gripper_controllers: 4.18.0 (/opt/ros/jazzy/share/gripper_controllers/cmake)
[0.602s] -- Found gz_ros2_control: 1.2.9 (/opt/ros/jazzy/share/gz_ros2_control/cmake)
[0.603s] -- Found ros_gz: 1.0.7 (/opt/ros/jazzy/share/ros_gz/cmake)
[0.603s] -- Found ros_gz_bridge: 1.0.7 (/opt/ros/jazzy/share/ros_gz_bridge/cmake)
[0.626s] -- Looking for gz-msgs10 -- found version 10.3.1
[0.630s] -- Searching for dependencies of gz-msgs10
[0.646s] -- Looking for gz-utils2 -- found version 2.2.0
[0.646s] -- Searching for dependencies of gz-utils2
[0.646s] -- Looking for gz-math7 -- found version 7.5.1
[0.646s] -- Searching for dependencies of gz-math7
[0.647s] -- Looking for gz-utils2 -- found version 2.2.0
[0.652s] -- Checking for module 'tinyxml2'
[0.668s] --   Found tinyxml2, version 10.0.0
[0.855s] -- Looking for gz-transport13 -- found version 13.4.0
[0.855s] -- Searching for dependencies of gz-transport13
[0.877s] -- Config-file not installed for ZeroMQ -- checking for pkg-config
[0.881s] -- Checking for module 'libzmq >= 4'
[0.896s] --   Found libzmq, version 4.3.5
[0.957s] -- Checking for module 'uuid'
[0.975s] --   Found uuid, version 2.39.3
[1.022s] -- Looking for gz-utils2 -- found version 2.2.0
[1.022s] -- Searching for dependencies of gz-utils2
[1.022s] -- Searching for <gz-utils2> component [cli]
[1.023s] -- Looking for gz-utils2-cli -- found version 2.2.0
[1.023s] -- Searching for dependencies of gz-utils2-cli
[1.024s] -- Looking for gz-msgs10 -- found version 10.3.1
[1.143s] -- Found ros_gz_image: 1.0.7 (/opt/ros/jazzy/share/ros_gz_image/cmake)
[1.143s] -- Found ros_gz_sim: 1.0.7 (/opt/ros/jazzy/share/ros_gz_sim/cmake)
[1.144s] -- Found ros2_control: 4.21.0 (/opt/ros/jazzy/share/ros2_control/cmake)
[1.144s] -- Found ros2_controllers: 4.18.0 (/opt/ros/jazzy/share/ros2_controllers/cmake)
[1.144s] -- Found xacro: 2.0.11 (/opt/ros/jazzy/share/xacro/cmake)
[1.145s] -- Found ament_lint_auto: 0.17.1 (/opt/ros/jazzy/share/ament_lint_auto/cmake)
[1.196s] Error parsing '/home/tim/dev_ws/src/my_bot/package.xml':
[1.981s] Traceback (most recent call last):
[1.981s]   File "/opt/ros/jazzy/share/ament_cmake_core/cmake/core/package_xml_2_cmake.py", line 150, in <module>
[1.981s]     main()
[1.981s]   File "/opt/ros/jazzy/share/ament_cmake_core/cmake/core/package_xml_2_cmake.py", line 53, in main
[1.981s]     raise e
[1.981s]   File "/opt/ros/jazzy/share/ament_cmake_core/cmake/core/package_xml_2_cmake.py", line 49, in main
[1.981s]     package = parse_package_string(
[1.981s]               ^^^^^^^^^^^^^^^^^^^^^
[1.981s]   File "/usr/lib/python3/dist-packages/catkin_pkg/package.py", line 786, in parse_package_string
[1.981s]     raise InvalidPackage('Error(s):%s' % (''.join(['\n- %s' % e for e in errors])), filename)
[1.981s] catkin_pkg.package.InvalidPackage: Error(s) in package '/home/tim/dev_ws/src/my_bot/package.xml':
[1.981s] Error(s):
[1.981s] - The generic dependency on 'ros_gz_bridge' is redundant with: exec_depend
[1.981s] - The generic dependency on 'xacro' is redundant with: exec_depend
[2.004s] [31mCMake Error at /opt/ros/jazzy/share/ament_cmake_core/cmake/core/ament_package_xml.cmake:95 (message):
[2.004s]   execute_process(/usr/bin/python3
[2.004s]   /opt/ros/jazzy/share/ament_cmake_core/cmake/core/package_xml_2_cmake.py
[2.004s]   /home/tim/dev_ws/src/my_bot/package.xml
[2.004s]   /home/tim/dev_ws/build/my_bot/ament_cmake_core/package.cmake) returned
[2.004s]   error code 1
[2.004s] Call Stack (most recent call first):
[2.004s]   /opt/ros/jazzy/share/ament_cmake_core/cmake/core/ament_package_xml.cmake:49 (_ament_package_xml)
[2.004s]   /opt/ros/jazzy/share/ament_lint_auto/cmake/ament_lint_auto_find_test_dependencies.cmake:31 (ament_package_xml)
[2.004s]   CMakeLists.txt:57 (ament_lint_auto_find_test_dependencies)
[2.004s] 
[2.004s] [0m
[2.004s] -- Configuring incomplete, errors occurred!
[2.013s] Invoked command in '/home/tim/dev_ws/build/my_bot' returned '1': DEBUGINFOD_URLS=https://debuginfod.ubuntu.com /usr/bin/cmake /home/tim/dev_ws/src/my_bot -DCMAKE_INSTALL_PREFIX=/home/tim/dev_ws/install/my_bot
