[0.009s] Invoking command in '/home/tim/dev_ws/build/my_bot': CMAKE_PREFIX_PATH=${CMAKE_PREFIX_PATH}:/opt/ros/jazzy DEBUGINFOD_URLS=https://debuginfod.ubuntu.com /usr/bin/cmake /home/tim/dev_ws/src/my_bot -DCMAKE_INSTALL_PREFIX=/home/tim/dev_ws/install/my_bot
[0.023s] -- Found ament_cmake: 2.5.4 (/opt/ros/jazzy/share/ament_cmake/cmake)
[0.274s] -- Override CMake install command with custom implementation using symlinks instead of copying resources
[0.281s] -- Found controller_manager: 4.32.0 (/opt/ros/jazzy/share/controller_manager/cmake)
[0.308s] -- Found rosidl_generator_c: 4.6.5 (/opt/ros/jazzy/share/rosidl_generator_c/cmake)
[0.316s] -- Found rosidl_generator_cpp: 4.6.5 (/opt/ros/jazzy/share/rosidl_generator_cpp/cmake)
[0.326s] -- Using all available rosidl_typesupport_c: rosidl_typesupport_fastrtps_c;rosidl_typesupport_introspection_c
[0.336s] -- Using all available rosidl_typesupport_cpp: rosidl_typesupport_fastrtps_cpp;rosidl_typesupport_introspection_cpp
[0.384s] -- Found rmw_implementation_cmake: 7.3.2 (/opt/ros/jazzy/share/rmw_implementation_cmake/cmake)
[0.385s] -- Found rmw_fastrtps_cpp: 8.4.2 (/opt/ros/jazzy/share/rmw_fastrtps_cpp/cmake)
[0.451s] -- Using RMW implementation 'rmw_fastrtps_cpp' as default
[0.773s] -- Found gripper_controllers: 4.27.0 (/opt/ros/jazzy/share/gripper_controllers/cmake)
[0.798s] -- Found eigen3_cmake_module: 0.3.0 (/opt/ros/jazzy/share/eigen3_cmake_module/cmake)
[0.799s] -- Ensuring Eigen3 include directory is part of orocos-kdl CMake target
[0.871s] -- Found gz_ros2_control: 1.2.13 (/opt/ros/jazzy/share/gz_ros2_control/cmake)
[0.872s] -- Found ros_gz: 1.0.15 (/opt/ros/jazzy/share/ros_gz/cmake)
[0.872s] -- Found ros_gz_bridge: 1.0.15 (/opt/ros/jazzy/share/ros_gz_bridge/cmake)
[0.878s] -- Looking for gz-msgs10 -- found version 10.3.2
[0.883s] -- Searching for dependencies of gz-msgs10
[0.900s] -- Looking for gz-utils2 -- found version 2.2.1
[0.900s] -- Searching for dependencies of gz-utils2
[0.901s] -- Looking for gz-math7 -- found version 7.5.2
[0.901s] -- Searching for dependencies of gz-math7
[0.901s] -- Looking for gz-utils2 -- found version 2.2.1
[0.906s] -- Checking for module 'tinyxml2'
[0.923s] --   Found tinyxml2, version 10.0.0
[0.959s] -- Looking for gz-transport13 -- found version 13.4.1
[0.959s] -- Searching for dependencies of gz-transport13
[0.992s] -- Config-file not installed for ZeroMQ -- checking for pkg-config
[0.996s] -- Checking for module 'libzmq >= 4'
[1.011s] --   Found libzmq, version 4.3.5
[1.069s] -- Checking for module 'uuid'
[1.083s] --   Found uuid, version 2.39.3
[1.141s] -- Looking for gz-utils2 -- found version 2.2.1
[1.141s] -- Searching for dependencies of gz-utils2
[1.141s] -- Searching for <gz-utils2> component [cli]
[1.142s] -- Looking for gz-utils2-cli -- found version 2.2.1
[1.143s] -- Searching for dependencies of gz-utils2-cli
[1.146s] -- Looking for gz-msgs10 -- found version 10.3.2
[1.272s] -- Found ros_gz_image: 1.0.15 (/opt/ros/jazzy/share/ros_gz_image/cmake)
[1.272s] -- Found ros_gz_sim: 1.0.15 (/opt/ros/jazzy/share/ros_gz_sim/cmake)
[1.276s] -- Found ros2_control: 4.32.0 (/opt/ros/jazzy/share/ros2_control/cmake)
[1.276s] -- Found ros2_controllers: 4.27.0 (/opt/ros/jazzy/share/ros2_controllers/cmake)
[1.276s] -- Found xacro: 2.0.13 (/opt/ros/jazzy/share/xacro/cmake)
[1.277s] -- Found ament_lint_auto: 0.17.2 (/opt/ros/jazzy/share/ament_lint_auto/cmake)
[1.382s] -- Added test 'copyright' to check source files copyright and LICENSE
[1.384s] -- Added test 'cppcheck' to perform static code analysis on C / C++ code
[1.384s] -- Configured cppcheck include dirs: 
[1.384s] -- Configured cppcheck exclude dirs and/or files: 
[1.385s] -- Added test 'cpplint' to check C / C++ code against the Google style
[1.385s] -- Configured cpplint exclude dirs and/or files: 
[1.385s] -- Added test 'flake8' to check Python code syntax and style conventions
[1.385s] -- Configured 'flake8' exclude dirs and/or files: 
[1.386s] -- Added test 'lint_cmake' to check CMake code style
[1.386s] -- Added test 'pep257' to check Python code against some of the docstring style conventions in PEP 257
[1.387s] -- Added test 'uncrustify' to check C / C++ code style
[1.387s] -- Configured uncrustify additional arguments: 
[1.387s] -- Added test 'xmllint' to check XML markup files
[1.388s] -- Configuring done (1.4s)
[1.397s] -- Generating done (0.0s)
[1.401s] -- Build files have been written to: /home/tim/dev_ws/build/my_bot
[1.418s] Invoked command in '/home/tim/dev_ws/build/my_bot' returned '0': CMAKE_PREFIX_PATH=${CMAKE_PREFIX_PATH}:/opt/ros/jazzy DEBUGINFOD_URLS=https://debuginfod.ubuntu.com /usr/bin/cmake /home/tim/dev_ws/src/my_bot -DCMAKE_INSTALL_PREFIX=/home/tim/dev_ws/install/my_bot
[1.418s] Invoking command in '/home/tim/dev_ws/build/my_bot': CMAKE_PREFIX_PATH=${CMAKE_PREFIX_PATH}:/opt/ros/jazzy DEBUGINFOD_URLS=https://debuginfod.ubuntu.com /usr/bin/cmake --build /home/tim/dev_ws/build/my_bot -- -j16 -l16
[1.478s] [ 50%] [32mBuilding CXX object CMakeFiles/joint_publisher.dir/src/joint_publisher.cpp.o[0m
[4.863s] [100%] [32m[1mLinking CXX executable joint_publisher[0m
[5.007s] [100%] Built target joint_publisher
[5.022s] Invoked command in '/home/tim/dev_ws/build/my_bot' returned '0': CMAKE_PREFIX_PATH=${CMAKE_PREFIX_PATH}:/opt/ros/jazzy DEBUGINFOD_URLS=https://debuginfod.ubuntu.com /usr/bin/cmake --build /home/tim/dev_ws/build/my_bot -- -j16 -l16
[5.046s] Invoking command in '/home/tim/dev_ws/build/my_bot': CMAKE_PREFIX_PATH=${CMAKE_PREFIX_PATH}:/opt/ros/jazzy DEBUGINFOD_URLS=https://debuginfod.ubuntu.com /usr/bin/cmake --install /home/tim/dev_ws/build/my_bot
[5.055s] -- Install configuration: ""
[5.055s] -- Execute custom install script
[5.055s] -- Up-to-date symlink: /home/tim/dev_ws/install/my_bot/lib/my_bot/joint_publisher
[5.056s] -- Up-to-date symlink: /home/tim/dev_ws/install/my_bot/share/my_bot/config/controllers.yaml
[5.056s] -- Up-to-date symlink: /home/tim/dev_ws/install/my_bot/share/my_bot/config/empty.yaml
[5.056s] -- Up-to-date symlink: /home/tim/dev_ws/install/my_bot/share/my_bot/config/gaz_ros2_ctl_use_sim.yaml
[5.056s] -- Up-to-date symlink: /home/tim/dev_ws/install/my_bot/share/my_bot/config/gz_bridge.yaml
[5.056s] -- Up-to-date symlink: /home/tim/dev_ws/install/my_bot/share/my_bot/config/joint_trajectory_publisher.yaml
[5.056s] -- Up-to-date symlink: /home/tim/dev_ws/install/my_bot/share/my_bot/description/camera.xacro
[5.056s] -- Up-to-date symlink: /home/tim/dev_ws/install/my_bot/share/my_bot/description/gazebo_control.xacro
[5.056s] -- Up-to-date symlink: /home/tim/dev_ws/install/my_bot/share/my_bot/description/inertial_macros.xacro
[5.056s] -- Up-to-date symlink: /home/tim/dev_ws/install/my_bot/share/my_bot/description/robot.urdf
[5.057s] -- Up-to-date symlink: /home/tim/dev_ws/install/my_bot/share/my_bot/description/robot.urdf.xacro
[5.057s] -- Up-to-date symlink: /home/tim/dev_ws/install/my_bot/share/my_bot/description/robot_core.xacro
[5.057s] -- Up-to-date symlink: /home/tim/dev_ws/install/my_bot/share/my_bot/description/ros2_control.xacro
[5.057s] -- Up-to-date symlink: /home/tim/dev_ws/install/my_bot/share/my_bot/launch/launch_sim.launch.py
[5.057s] -- Up-to-date symlink: /home/tim/dev_ws/install/my_bot/share/my_bot/launch/launch_sim_arti.launch.py
[5.057s] -- Up-to-date symlink: /home/tim/dev_ws/install/my_bot/share/my_bot/launch/my_bot.launch.py
[5.057s] -- Up-to-date symlink: /home/tim/dev_ws/install/my_bot/share/my_bot/launch/rsp.launch.py
[5.057s] -- Up-to-date symlink: /home/tim/dev_ws/install/my_bot/share/my_bot/worlds/empty.world
[5.057s] -- Up-to-date symlink: /home/tim/dev_ws/install/my_bot/share/my_bot/worlds/obstacles.world
[5.058s] -- Up-to-date symlink: /home/tim/dev_ws/install/my_bot/share/ament_index/resource_index/package_run_dependencies/my_bot
[5.059s] -- Up-to-date symlink: /home/tim/dev_ws/install/my_bot/share/ament_index/resource_index/parent_prefix_path/my_bot
[5.059s] -- Up-to-date symlink: /home/tim/dev_ws/install/my_bot/share/my_bot/environment/ament_prefix_path.sh
[5.059s] -- Up-to-date symlink: /home/tim/dev_ws/install/my_bot/share/my_bot/environment/ament_prefix_path.dsv
[5.060s] -- Up-to-date symlink: /home/tim/dev_ws/install/my_bot/share/my_bot/environment/path.sh
[5.060s] -- Up-to-date symlink: /home/tim/dev_ws/install/my_bot/share/my_bot/environment/path.dsv
[5.060s] -- Up-to-date symlink: /home/tim/dev_ws/install/my_bot/share/my_bot/local_setup.bash
[5.060s] -- Up-to-date symlink: /home/tim/dev_ws/install/my_bot/share/my_bot/local_setup.sh
[5.061s] -- Up-to-date symlink: /home/tim/dev_ws/install/my_bot/share/my_bot/local_setup.zsh
[5.061s] -- Up-to-date symlink: /home/tim/dev_ws/install/my_bot/share/my_bot/local_setup.dsv
[5.061s] -- Symlinking: /home/tim/dev_ws/install/my_bot/share/my_bot/package.dsv
[5.069s] -- Up-to-date symlink: /home/tim/dev_ws/install/my_bot/share/ament_index/resource_index/packages/my_bot
[5.069s] -- Up-to-date symlink: /home/tim/dev_ws/install/my_bot/share/my_bot/cmake/my_botConfig.cmake
[5.069s] -- Up-to-date symlink: /home/tim/dev_ws/install/my_bot/share/my_bot/cmake/my_botConfig-version.cmake
[5.069s] -- Up-to-date symlink: /home/tim/dev_ws/install/my_bot/share/my_bot/package.xml
[5.072s] Invoked command in '/home/tim/dev_ws/build/my_bot' returned '0': CMAKE_PREFIX_PATH=${CMAKE_PREFIX_PATH}:/opt/ros/jazzy DEBUGINFOD_URLS=https://debuginfod.ubuntu.com /usr/bin/cmake --install /home/tim/dev_ws/build/my_bot
