[0.007s] Invoking command in '/home/tim/dev_ws/build/my_package': DEBUGINFOD_URLS=https://debuginfod.ubuntu.com /usr/bin/cmake --build /home/tim/dev_ws/build/my_package -- -j16 -l16
[0.046s] Invoked command in '/home/tim/dev_ws/build/my_package' returned '0': DEBUGINFOD_URLS=https://debuginfod.ubuntu.com /usr/bin/cmake --build /home/tim/dev_ws/build/my_package -- -j16 -l16
[0.057s] Invoking command in '/home/tim/dev_ws/build/my_package': DEBUGINFOD_URLS=https://debuginfod.ubuntu.com /usr/bin/cmake --install /home/tim/dev_ws/build/my_package
[0.065s] -- Install configuration: ""
[0.065s] -- Execute custom install script
[0.066s] -- Up-to-date symlink: /home/tim/dev_ws/install/my_package/share/my_package/launch/listener.launch.py
[0.066s] -- Up-to-date symlink: /home/tim/dev_ws/install/my_package/share/my_package/launch/talker.launch.py
[0.066s] -- Up-to-date symlink: /home/tim/dev_ws/install/my_package/share/ament_index/resource_index/package_run_dependencies/my_package
[0.066s] -- Up-to-date symlink: /home/tim/dev_ws/install/my_package/share/ament_index/resource_index/parent_prefix_path/my_package
[0.066s] -- Up-to-date symlink: /home/tim/dev_ws/install/my_package/share/my_package/environment/ament_prefix_path.sh
[0.066s] -- Up-to-date symlink: /home/tim/dev_ws/install/my_package/share/my_package/environment/ament_prefix_path.dsv
[0.067s] -- Up-to-date symlink: /home/tim/dev_ws/install/my_package/share/my_package/environment/path.sh
[0.067s] -- Up-to-date symlink: /home/tim/dev_ws/install/my_package/share/my_package/environment/path.dsv
[0.067s] -- Up-to-date symlink: /home/tim/dev_ws/install/my_package/share/my_package/local_setup.bash
[0.067s] -- Up-to-date symlink: /home/tim/dev_ws/install/my_package/share/my_package/local_setup.sh
[0.067s] -- Up-to-date symlink: /home/tim/dev_ws/install/my_package/share/my_package/local_setup.zsh
[0.068s] -- Up-to-date symlink: /home/tim/dev_ws/install/my_package/share/my_package/local_setup.dsv
[0.068s] -- Symlinking: /home/tim/dev_ws/install/my_package/share/my_package/package.dsv
[0.074s] -- Up-to-date symlink: /home/tim/dev_ws/install/my_package/share/ament_index/resource_index/packages/my_package
[0.074s] -- Up-to-date symlink: /home/tim/dev_ws/install/my_package/share/my_package/cmake/my_packageConfig.cmake
[0.074s] -- Up-to-date symlink: /home/tim/dev_ws/install/my_package/share/my_package/cmake/my_packageConfig-version.cmake
[0.075s] -- Up-to-date symlink: /home/tim/dev_ws/install/my_package/share/my_package/package.xml
[0.076s] Invoked command in '/home/tim/dev_ws/build/my_package' returned '0': DEBUGINFOD_URLS=https://debuginfod.ubuntu.com /usr/bin/cmake --install /home/tim/dev_ws/build/my_package
