[0.092s] DEBUG:colcon:Command line arguments: ['/usr/bin/colcon', 'build', '--symlink-install']
[0.092s] DEBUG:colcon:Parsed command line arguments: Namespace(log_base=None, log_level=None, verb_name='build', build_base='build', install_base='install', merge_install=False, symlink_install=True, test_result_base=None, continue_on_error=False, executor='parallel', parallel_workers=16, event_handlers=None, ignore_user_meta=False, metas=['./colcon.meta'], base_paths=['.'], packages_ignore=None, packages_ignore_regex=None, paths=None, packages_up_to=None, packages_up_to_regex=None, packages_above=None, packages_above_and_dependencies=None, packages_above_depth=None, packages_select_by_dep=None, packages_skip_by_dep=None, packages_skip_up_to=None, packages_select_build_failed=False, packages_skip_build_finished=False, packages_select_test_failures=False, packages_skip_test_passed=False, packages_select=None, packages_skip=None, packages_select_regex=None, packages_skip_regex=None, packages_start=None, packages_end=None, allow_overriding=[], cmake_args=None, cmake_target=None, cmake_target_skip_unavailable=False, cmake_clean_cache=False, cmake_clean_first=False, cmake_force_configure=False, ament_cmake_args=None, catkin_cmake_args=None, catkin_skip_building_tests=False, mixin_files=None, mixin=None, verb_parser=<colcon_mixin.mixin.mixin_argument.MixinArgumentDecorator object at 0x7d8b4ab6f5c0>, verb_extension=<colcon_core.verb.build.BuildVerb object at 0x7d8b4ab6ed80>, main=<bound method BuildVerb.main of <colcon_core.verb.build.BuildVerb object at 0x7d8b4ab6ed80>>, mixin_verb=('build',))
[0.122s] Level 1:colcon.colcon_core.package_discovery:discover_packages(colcon_meta) check parameters
[0.122s] Level 1:colcon.colcon_core.package_discovery:discover_packages(recursive) check parameters
[0.122s] Level 1:colcon.colcon_core.package_discovery:discover_packages(ignore) check parameters
[0.122s] Level 1:colcon.colcon_core.package_discovery:discover_packages(path) check parameters
[0.122s] Level 1:colcon.colcon_core.package_discovery:discover_packages(colcon_meta) discover
[0.122s] Level 1:colcon.colcon_core.package_discovery:discover_packages(recursive) discover
[0.122s] INFO:colcon.colcon_core.package_discovery:Crawling recursively for packages in '/home/tim/dev_ws'
[0.122s] Level 1:colcon.colcon_core.package_identification:_identify(.) by extensions ['ignore', 'ignore_ament_install']
[0.122s] Level 1:colcon.colcon_core.package_identification:_identify(.) by extension 'ignore'
[0.122s] Level 1:colcon.colcon_core.package_identification:_identify(.) by extension 'ignore_ament_install'
[0.122s] Level 1:colcon.colcon_core.package_identification:_identify(.) by extensions ['colcon_pkg']
[0.122s] Level 1:colcon.colcon_core.package_identification:_identify(.) by extension 'colcon_pkg'
[0.123s] Level 1:colcon.colcon_core.package_identification:_identify(.) by extensions ['colcon_meta']
[0.123s] Level 1:colcon.colcon_core.package_identification:_identify(.) by extension 'colcon_meta'
[0.123s] Level 1:colcon.colcon_core.package_identification:_identify(.) by extensions ['ros']
[0.123s] Level 1:colcon.colcon_core.package_identification:_identify(.) by extension 'ros'
[0.144s] Level 1:colcon.colcon_core.package_identification:_identify(.) by extensions ['cmake', 'python']
[0.144s] Level 1:colcon.colcon_core.package_identification:_identify(.) by extension 'cmake'
[0.144s] Level 1:colcon.colcon_core.package_identification:_identify(.) by extension 'python'
[0.144s] Level 1:colcon.colcon_core.package_identification:_identify(.) by extensions ['python_setup_py']
[0.144s] Level 1:colcon.colcon_core.package_identification:_identify(.) by extension 'python_setup_py'
[0.144s] Level 1:colcon.colcon_core.package_identification:_identify(build) by extensions ['ignore', 'ignore_ament_install']
[0.144s] Level 1:colcon.colcon_core.package_identification:_identify(build) by extension 'ignore'
[0.144s] Level 1:colcon.colcon_core.package_identification:_identify(build) ignored
[0.144s] Level 1:colcon.colcon_core.package_identification:_identify(install) by extensions ['ignore', 'ignore_ament_install']
[0.144s] Level 1:colcon.colcon_core.package_identification:_identify(install) by extension 'ignore'
[0.145s] Level 1:colcon.colcon_core.package_identification:_identify(install) ignored
[0.145s] Level 1:colcon.colcon_core.package_identification:_identify(log) by extensions ['ignore', 'ignore_ament_install']
[0.145s] Level 1:colcon.colcon_core.package_identification:_identify(log) by extension 'ignore'
[0.145s] Level 1:colcon.colcon_core.package_identification:_identify(log) ignored
[0.145s] Level 1:colcon.colcon_core.package_identification:_identify(src) by extensions ['ignore', 'ignore_ament_install']
[0.145s] Level 1:colcon.colcon_core.package_identification:_identify(src) by extension 'ignore'
[0.145s] Level 1:colcon.colcon_core.package_identification:_identify(src) by extension 'ignore_ament_install'
[0.145s] Level 1:colcon.colcon_core.package_identification:_identify(src) by extensions ['colcon_pkg']
[0.145s] Level 1:colcon.colcon_core.package_identification:_identify(src) by extension 'colcon_pkg'
[0.145s] Level 1:colcon.colcon_core.package_identification:_identify(src) by extensions ['colcon_meta']
[0.145s] Level 1:colcon.colcon_core.package_identification:_identify(src) by extension 'colcon_meta'
[0.145s] Level 1:colcon.colcon_core.package_identification:_identify(src) by extensions ['ros']
[0.145s] Level 1:colcon.colcon_core.package_identification:_identify(src) by extension 'ros'
[0.145s] Level 1:colcon.colcon_core.package_identification:_identify(src) by extensions ['cmake', 'python']
[0.145s] Level 1:colcon.colcon_core.package_identification:_identify(src) by extension 'cmake'
[0.145s] Level 1:colcon.colcon_core.package_identification:_identify(src) by extension 'python'
[0.145s] Level 1:colcon.colcon_core.package_identification:_identify(src) by extensions ['python_setup_py']
[0.145s] Level 1:colcon.colcon_core.package_identification:_identify(src) by extension 'python_setup_py'
[0.145s] Level 1:colcon.colcon_core.package_identification:_identify(src/my_bot) by extensions ['ignore', 'ignore_ament_install']
[0.145s] Level 1:colcon.colcon_core.package_identification:_identify(src/my_bot) by extension 'ignore'
[0.145s] Level 1:colcon.colcon_core.package_identification:_identify(src/my_bot) by extension 'ignore_ament_install'
[0.145s] Level 1:colcon.colcon_core.package_identification:_identify(src/my_bot) by extensions ['colcon_pkg']
[0.145s] Level 1:colcon.colcon_core.package_identification:_identify(src/my_bot) by extension 'colcon_pkg'
[0.145s] Level 1:colcon.colcon_core.package_identification:_identify(src/my_bot) by extensions ['colcon_meta']
[0.145s] Level 1:colcon.colcon_core.package_identification:_identify(src/my_bot) by extension 'colcon_meta'
[0.145s] Level 1:colcon.colcon_core.package_identification:_identify(src/my_bot) by extensions ['ros']
[0.145s] Level 1:colcon.colcon_core.package_identification:_identify(src/my_bot) by extension 'ros'
[0.149s] DEBUG:colcon.colcon_core.package_identification:Package 'src/my_bot' with type 'ros.ament_cmake' and name 'my_bot'
[0.149s] Level 1:colcon.colcon_core.package_identification:_identify(src/my_package) by extensions ['ignore', 'ignore_ament_install']
[0.149s] Level 1:colcon.colcon_core.package_identification:_identify(src/my_package) by extension 'ignore'
[0.149s] Level 1:colcon.colcon_core.package_identification:_identify(src/my_package) by extension 'ignore_ament_install'
[0.150s] Level 1:colcon.colcon_core.package_identification:_identify(src/my_package) by extensions ['colcon_pkg']
[0.150s] Level 1:colcon.colcon_core.package_identification:_identify(src/my_package) by extension 'colcon_pkg'
[0.150s] Level 1:colcon.colcon_core.package_identification:_identify(src/my_package) by extensions ['colcon_meta']
[0.150s] Level 1:colcon.colcon_core.package_identification:_identify(src/my_package) by extension 'colcon_meta'
[0.150s] Level 1:colcon.colcon_core.package_identification:_identify(src/my_package) by extensions ['ros']
[0.150s] Level 1:colcon.colcon_core.package_identification:_identify(src/my_package) by extension 'ros'
[0.150s] DEBUG:colcon.colcon_core.package_identification:Package 'src/my_package' with type 'ros.ament_cmake' and name 'my_package'
[0.151s] Level 1:colcon.colcon_core.package_discovery:discover_packages(recursive) using defaults
[0.151s] Level 1:colcon.colcon_core.package_discovery:discover_packages(ignore) discover
[0.151s] Level 1:colcon.colcon_core.package_discovery:discover_packages(ignore) using defaults
[0.151s] Level 1:colcon.colcon_core.package_discovery:discover_packages(path) discover
[0.151s] Level 1:colcon.colcon_core.package_discovery:discover_packages(path) using defaults
[0.167s] Level 1:colcon.colcon_core.package_discovery:discover_packages(prefix_path) check parameters
[0.167s] Level 1:colcon.colcon_core.package_discovery:discover_packages(prefix_path) discover
[0.168s] DEBUG:colcon.colcon_installed_package_information.package_discovery:Found 2 installed packages in /home/tim/dev_ws/install
[0.169s] DEBUG:colcon.colcon_installed_package_information.package_discovery:Found 368 installed packages in /opt/ros/jazzy
[0.170s] Level 1:colcon.colcon_core.package_discovery:discover_packages(prefix_path) using defaults
[0.201s] Level 5:colcon.colcon_core.verb:set package 'my_bot' build argument 'cmake_args' from command line to 'None'
[0.201s] Level 5:colcon.colcon_core.verb:set package 'my_bot' build argument 'cmake_target' from command line to 'None'
[0.202s] Level 5:colcon.colcon_core.verb:set package 'my_bot' build argument 'cmake_target_skip_unavailable' from command line to 'False'
[0.202s] Level 5:colcon.colcon_core.verb:set package 'my_bot' build argument 'cmake_clean_cache' from command line to 'False'
[0.202s] Level 5:colcon.colcon_core.verb:set package 'my_bot' build argument 'cmake_clean_first' from command line to 'False'
[0.202s] Level 5:colcon.colcon_core.verb:set package 'my_bot' build argument 'cmake_force_configure' from command line to 'False'
[0.202s] Level 5:colcon.colcon_core.verb:set package 'my_bot' build argument 'ament_cmake_args' from command line to 'None'
[0.202s] Level 5:colcon.colcon_core.verb:set package 'my_bot' build argument 'catkin_cmake_args' from command line to 'None'
[0.202s] Level 5:colcon.colcon_core.verb:set package 'my_bot' build argument 'catkin_skip_building_tests' from command line to 'False'
[0.202s] DEBUG:colcon.colcon_core.verb:Building package 'my_bot' with the following arguments: {'ament_cmake_args': None, 'build_base': '/home/tim/dev_ws/build/my_bot', 'catkin_cmake_args': None, 'catkin_skip_building_tests': False, 'cmake_args': None, 'cmake_clean_cache': False, 'cmake_clean_first': False, 'cmake_force_configure': False, 'cmake_target': None, 'cmake_target_skip_unavailable': False, 'install_base': '/home/tim/dev_ws/install/my_bot', 'merge_install': False, 'path': '/home/tim/dev_ws/src/my_bot', 'symlink_install': True, 'test_result_base': None}
[0.202s] Level 5:colcon.colcon_core.verb:set package 'my_package' build argument 'cmake_args' from command line to 'None'
[0.202s] Level 5:colcon.colcon_core.verb:set package 'my_package' build argument 'cmake_target' from command line to 'None'
[0.202s] Level 5:colcon.colcon_core.verb:set package 'my_package' build argument 'cmake_target_skip_unavailable' from command line to 'False'
[0.202s] Level 5:colcon.colcon_core.verb:set package 'my_package' build argument 'cmake_clean_cache' from command line to 'False'
[0.202s] Level 5:colcon.colcon_core.verb:set package 'my_package' build argument 'cmake_clean_first' from command line to 'False'
[0.202s] Level 5:colcon.colcon_core.verb:set package 'my_package' build argument 'cmake_force_configure' from command line to 'False'
[0.202s] Level 5:colcon.colcon_core.verb:set package 'my_package' build argument 'ament_cmake_args' from command line to 'None'
[0.202s] Level 5:colcon.colcon_core.verb:set package 'my_package' build argument 'catkin_cmake_args' from command line to 'None'
[0.202s] Level 5:colcon.colcon_core.verb:set package 'my_package' build argument 'catkin_skip_building_tests' from command line to 'False'
[0.202s] DEBUG:colcon.colcon_core.verb:Building package 'my_package' with the following arguments: {'ament_cmake_args': None, 'build_base': '/home/tim/dev_ws/build/my_package', 'catkin_cmake_args': None, 'catkin_skip_building_tests': False, 'cmake_args': None, 'cmake_clean_cache': False, 'cmake_clean_first': False, 'cmake_force_configure': False, 'cmake_target': None, 'cmake_target_skip_unavailable': False, 'install_base': '/home/tim/dev_ws/install/my_package', 'merge_install': False, 'path': '/home/tim/dev_ws/src/my_package', 'symlink_install': True, 'test_result_base': None}
[0.202s] INFO:colcon.colcon_core.executor:Executing jobs using 'parallel' executor
[0.203s] DEBUG:colcon.colcon_parallel_executor.executor.parallel:run_until_complete
[0.203s] INFO:colcon.colcon_ros.task.ament_cmake.build:Building ROS package in '/home/tim/dev_ws/src/my_bot' with build type 'ament_cmake'
[0.203s] INFO:colcon.colcon_cmake.task.cmake.build:Building CMake package in '/home/tim/dev_ws/src/my_bot'
[0.205s] INFO:colcon.colcon_core.plugin_system:Skipping extension 'colcon_core.shell.bat': Not used on non-Windows systems
[0.205s] INFO:colcon.colcon_core.shell:Skip shell extension 'powershell' for command environment: Not usable outside of PowerShell
[0.205s] DEBUG:colcon.colcon_core.shell:Skip shell extension 'dsv' for command environment
[0.208s] INFO:colcon.colcon_ros.task.ament_cmake.build:Building ROS package in '/home/tim/dev_ws/src/my_package' with build type 'ament_cmake'
[0.209s] INFO:colcon.colcon_cmake.task.cmake.build:Building CMake package in '/home/tim/dev_ws/src/my_package'
[0.209s] INFO:colcon.colcon_core.shell:Skip shell extension 'powershell' for command environment: Not usable outside of PowerShell
[0.209s] DEBUG:colcon.colcon_core.shell:Skip shell extension 'dsv' for command environment
[0.215s] DEBUG:colcon.colcon_core.event_handler.log_command:Invoking command in '/home/tim/dev_ws/build/my_bot': CMAKE_PREFIX_PATH=${CMAKE_PREFIX_PATH}:/opt/ros/jazzy DEBUGINFOD_URLS=https://debuginfod.ubuntu.com /usr/bin/cmake --build /home/tim/dev_ws/build/my_bot -- -j16 -l16
[0.221s] DEBUG:colcon.colcon_core.event_handler.log_command:Invoking command in '/home/tim/dev_ws/build/my_package': CMAKE_PREFIX_PATH=${CMAKE_PREFIX_PATH}:/opt/ros/jazzy DEBUGINFOD_URLS=https://debuginfod.ubuntu.com /usr/bin/cmake --build /home/tim/dev_ws/build/my_package -- -j16 -l16
[0.274s] DEBUG:colcon.colcon_core.event_handler.log_command:Invoked command in '/home/tim/dev_ws/build/my_package' returned '0': CMAKE_PREFIX_PATH=${CMAKE_PREFIX_PATH}:/opt/ros/jazzy DEBUGINFOD_URLS=https://debuginfod.ubuntu.com /usr/bin/cmake --build /home/tim/dev_ws/build/my_package -- -j16 -l16
[0.284s] DEBUG:colcon.colcon_core.event_handler.log_command:Invoking command in '/home/tim/dev_ws/build/my_package': CMAKE_PREFIX_PATH=${CMAKE_PREFIX_PATH}:/opt/ros/jazzy DEBUGINFOD_URLS=https://debuginfod.ubuntu.com /usr/bin/cmake --install /home/tim/dev_ws/build/my_package
[0.306s] Level 1:colcon.colcon_core.environment:create_environment_scripts_only(my_package)
[0.307s] DEBUG:colcon.colcon_core.event_handler.log_command:Invoked command in '/home/tim/dev_ws/build/my_package' returned '0': CMAKE_PREFIX_PATH=${CMAKE_PREFIX_PATH}:/opt/ros/jazzy DEBUGINFOD_URLS=https://debuginfod.ubuntu.com /usr/bin/cmake --install /home/tim/dev_ws/build/my_package
[0.310s] Level 1:colcon.colcon_core.environment:checking '/home/tim/dev_ws/install/my_package' for CMake module files
[0.311s] Level 1:colcon.colcon_core.environment:checking '/home/tim/dev_ws/install/my_package' for CMake config files
[0.311s] Level 1:colcon.colcon_core.shell:create_environment_hook('my_package', 'cmake_prefix_path')
[0.312s] INFO:colcon.colcon_core.shell:Creating environment hook '/home/tim/dev_ws/install/my_package/share/my_package/hook/cmake_prefix_path.ps1'
[0.313s] INFO:colcon.colcon_core.shell:Creating environment descriptor '/home/tim/dev_ws/install/my_package/share/my_package/hook/cmake_prefix_path.dsv'
[0.315s] INFO:colcon.colcon_core.shell:Creating environment hook '/home/tim/dev_ws/install/my_package/share/my_package/hook/cmake_prefix_path.sh'
[0.316s] Level 1:colcon.colcon_core.environment:checking '/home/tim/dev_ws/install/my_package/bin'
[0.316s] Level 1:colcon.colcon_core.environment:checking '/home/tim/dev_ws/install/my_package/lib/pkgconfig/my_package.pc'
[0.316s] Level 1:colcon.colcon_core.environment:checking '/home/tim/dev_ws/install/my_package/lib/python3.12/site-packages'
[0.316s] Level 1:colcon.colcon_core.environment:checking '/home/tim/dev_ws/install/my_package/bin'
[0.317s] INFO:colcon.colcon_core.shell:Creating package script '/home/tim/dev_ws/install/my_package/share/my_package/package.ps1'
[0.318s] INFO:colcon.colcon_core.shell:Creating package descriptor '/home/tim/dev_ws/install/my_package/share/my_package/package.dsv'
[0.319s] INFO:colcon.colcon_core.shell:Creating package script '/home/tim/dev_ws/install/my_package/share/my_package/package.sh'
[0.321s] INFO:colcon.colcon_core.shell:Creating package script '/home/tim/dev_ws/install/my_package/share/my_package/package.bash'
[0.321s] INFO:colcon.colcon_core.shell:Creating package script '/home/tim/dev_ws/install/my_package/share/my_package/package.zsh'
[0.322s] Level 1:colcon.colcon_core.environment:create_file_with_runtime_dependencies(/home/tim/dev_ws/install/my_package/share/colcon-core/packages/my_package)
[0.323s] Level 1:colcon.colcon_core.environment:create_environment_scripts_only(my_package)
[0.323s] Level 1:colcon.colcon_core.environment:checking '/home/tim/dev_ws/install/my_package' for CMake module files
[0.324s] Level 1:colcon.colcon_core.environment:checking '/home/tim/dev_ws/install/my_package' for CMake config files
[0.324s] Level 1:colcon.colcon_core.shell:create_environment_hook('my_package', 'cmake_prefix_path')
[0.324s] INFO:colcon.colcon_core.shell:Creating environment hook '/home/tim/dev_ws/install/my_package/share/my_package/hook/cmake_prefix_path.ps1'
[0.325s] INFO:colcon.colcon_core.shell:Creating environment descriptor '/home/tim/dev_ws/install/my_package/share/my_package/hook/cmake_prefix_path.dsv'
[0.325s] INFO:colcon.colcon_core.shell:Creating environment hook '/home/tim/dev_ws/install/my_package/share/my_package/hook/cmake_prefix_path.sh'
[0.326s] Level 1:colcon.colcon_core.environment:checking '/home/tim/dev_ws/install/my_package/bin'
[0.326s] Level 1:colcon.colcon_core.environment:checking '/home/tim/dev_ws/install/my_package/lib/pkgconfig/my_package.pc'
[0.327s] Level 1:colcon.colcon_core.environment:checking '/home/tim/dev_ws/install/my_package/lib/python3.12/site-packages'
[0.327s] Level 1:colcon.colcon_core.environment:checking '/home/tim/dev_ws/install/my_package/bin'
[0.327s] INFO:colcon.colcon_core.shell:Creating package script '/home/tim/dev_ws/install/my_package/share/my_package/package.ps1'
[0.327s] INFO:colcon.colcon_core.shell:Creating package descriptor '/home/tim/dev_ws/install/my_package/share/my_package/package.dsv'
[0.328s] INFO:colcon.colcon_core.shell:Creating package script '/home/tim/dev_ws/install/my_package/share/my_package/package.sh'
[0.328s] INFO:colcon.colcon_core.shell:Creating package script '/home/tim/dev_ws/install/my_package/share/my_package/package.bash'
[0.329s] INFO:colcon.colcon_core.shell:Creating package script '/home/tim/dev_ws/install/my_package/share/my_package/package.zsh'
[0.329s] Level 1:colcon.colcon_core.environment:create_file_with_runtime_dependencies(/home/tim/dev_ws/install/my_package/share/colcon-core/packages/my_package)
[1.773s] DEBUG:colcon.colcon_core.event_handler.log_command:Invoked command in '/home/tim/dev_ws/build/my_bot' returned '2': CMAKE_PREFIX_PATH=${CMAKE_PREFIX_PATH}:/opt/ros/jazzy DEBUGINFOD_URLS=https://debuginfod.ubuntu.com /usr/bin/cmake --build /home/tim/dev_ws/build/my_bot -- -j16 -l16
[1.774s] Level 1:colcon.colcon_core.environment:create_environment_scripts_only(my_bot)
[1.774s] Level 1:colcon.colcon_core.environment:checking '/home/tim/dev_ws/install/my_bot' for CMake module files
[1.774s] Level 1:colcon.colcon_core.environment:checking '/home/tim/dev_ws/install/my_bot' for CMake config files
[1.774s] Level 1:colcon.colcon_core.shell:create_environment_hook('my_bot', 'cmake_prefix_path')
[1.775s] INFO:colcon.colcon_core.shell:Creating environment hook '/home/tim/dev_ws/install/my_bot/share/my_bot/hook/cmake_prefix_path.ps1'
[1.775s] INFO:colcon.colcon_core.shell:Creating environment descriptor '/home/tim/dev_ws/install/my_bot/share/my_bot/hook/cmake_prefix_path.dsv'
[1.775s] INFO:colcon.colcon_core.shell:Creating environment hook '/home/tim/dev_ws/install/my_bot/share/my_bot/hook/cmake_prefix_path.sh'
[1.776s] Level 1:colcon.colcon_core.environment:checking '/home/tim/dev_ws/install/my_bot/bin'
[1.776s] Level 1:colcon.colcon_core.environment:checking '/home/tim/dev_ws/install/my_bot/lib/pkgconfig/my_bot.pc'
[1.776s] Level 1:colcon.colcon_core.environment:checking '/home/tim/dev_ws/install/my_bot/lib/python3.12/site-packages'
[1.776s] Level 1:colcon.colcon_core.environment:checking '/home/tim/dev_ws/install/my_bot/bin'
[1.776s] INFO:colcon.colcon_core.shell:Creating package script '/home/tim/dev_ws/install/my_bot/share/my_bot/package.ps1'
[1.777s] INFO:colcon.colcon_core.shell:Creating package descriptor '/home/tim/dev_ws/install/my_bot/share/my_bot/package.dsv'
[1.777s] INFO:colcon.colcon_core.shell:Creating package script '/home/tim/dev_ws/install/my_bot/share/my_bot/package.sh'
[1.777s] INFO:colcon.colcon_core.shell:Creating package script '/home/tim/dev_ws/install/my_bot/share/my_bot/package.bash'
[1.778s] INFO:colcon.colcon_core.shell:Creating package script '/home/tim/dev_ws/install/my_bot/share/my_bot/package.zsh'
[1.778s] Level 1:colcon.colcon_core.environment:create_file_with_runtime_dependencies(/home/tim/dev_ws/install/my_bot/share/colcon-core/packages/my_bot)
[1.788s] DEBUG:colcon.colcon_parallel_executor.executor.parallel:closing loop
[1.789s] DEBUG:colcon.colcon_parallel_executor.executor.parallel:loop closed
[1.789s] DEBUG:colcon.colcon_parallel_executor.executor.parallel:run_until_complete finished with '2'
[1.789s] DEBUG:colcon.colcon_core.event_reactor:joining thread
[1.794s] INFO:colcon.colcon_core.plugin_system:Skipping extension 'colcon_notification.desktop_notification.terminal_notifier': Not used on non-Darwin systems
[1.794s] INFO:colcon.colcon_core.plugin_system:Skipping extension 'colcon_notification.desktop_notification.win32': Not used on non-Windows systems
[1.794s] INFO:colcon.colcon_notification.desktop_notification:Sending desktop notification using 'notify2'
[1.804s] DEBUG:colcon.colcon_core.event_reactor:joined thread
[1.804s] INFO:colcon.colcon_core.shell:Creating prefix script '/home/tim/dev_ws/install/local_setup.ps1'
[1.805s] INFO:colcon.colcon_core.shell:Creating prefix util module '/home/tim/dev_ws/install/_local_setup_util_ps1.py'
[1.807s] INFO:colcon.colcon_core.shell:Creating prefix chain script '/home/tim/dev_ws/install/setup.ps1'
[1.808s] INFO:colcon.colcon_core.shell:Creating prefix script '/home/tim/dev_ws/install/local_setup.sh'
[1.809s] INFO:colcon.colcon_core.shell:Creating prefix util module '/home/tim/dev_ws/install/_local_setup_util_sh.py'
[1.810s] INFO:colcon.colcon_core.shell:Creating prefix chain script '/home/tim/dev_ws/install/setup.sh'
[1.811s] INFO:colcon.colcon_core.shell:Creating prefix script '/home/tim/dev_ws/install/local_setup.bash'
[1.812s] INFO:colcon.colcon_core.shell:Creating prefix chain script '/home/tim/dev_ws/install/setup.bash'
[1.814s] INFO:colcon.colcon_core.shell:Creating prefix script '/home/tim/dev_ws/install/local_setup.zsh'
[1.815s] INFO:colcon.colcon_core.shell:Creating prefix chain script '/home/tim/dev_ws/install/setup.zsh'
