[0.010s] Invoking command in '/home/tim/dev_ws/build/my_bot': CMAKE_PREFIX_PATH=${CMAKE_PREFIX_PATH}:/opt/ros/jazzy DEBUGINFOD_URLS=https://debuginfod.ubuntu.com /usr/bin/cmake --build /home/tim/dev_ws/build/my_bot -- -j16 -l16
[0.050s] [ 50%] [32mBuilding CXX object CMakeFiles/joint_publisher.dir/src/joint_publisher.cpp.o[0m
[1.600s] [01m[K/home/tim/dev_ws/src/my_bot/src/joint_publisher.cpp:45:5:[m[K [01;31m[Kerror: [m[K‘[01m[Krclcpp[m[K’ does not name a type
[1.600s]    45 |     [01;31m[Krclcpp[m[K:TimerBase::SharedPtr timer_;
[1.600s]       |     [01;31m[K^~~~~~[m[K
[1.604s] [01m[K/home/tim/dev_ws/src/my_bot/src/joint_publisher.cpp:[m[K In constructor ‘[01m[KJointPublisher::[01;32m[KJointPublisher[m[K()[m[K’:
[1.604s] [01m[K/home/tim/dev_ws/src/my_bot/src/joint_publisher.cpp:15:36:[m[K [01;31m[Kerror: [m[Kclass ‘[01m[KJointPublisher[m[K’ does not have any field named ‘[01m[Kcount_[m[K’
[1.604s]    15 |         : Node("joint_publisher"), [01;31m[Kcount_[m[K(0)
[1.604s]       |                                    [01;31m[K^~~~~~[m[K
[1.609s] [01m[K/home/tim/dev_ws/src/my_bot/src/joint_publisher.cpp:20:9:[m[K [01;31m[Kerror: [m[K‘[01m[Ktimer_[m[K’ was not declared in this scope; did you mean ‘[01m[Ktimer_t[m[K’?
[1.609s]    20 |         [01;31m[Ktimer_[m[K = this->create_wall_timer(
[1.609s]       |         [01;31m[K^~~~~~[m[K
[1.609s]       |         [32m[Ktimer_t[m[K
[1.615s] [01m[K/home/tim/dev_ws/src/my_bot/src/joint_publisher.cpp:[m[K In member function ‘[01m[Kvoid JointPublisher::[01;32m[Ktimer_callback[m[K()[m[K’:
[1.615s] [01m[K/home/tim/dev_ws/src/my_bot/src/joint_publisher.cpp:27:44:[m[K [01;31m[Kerror: [m[Kfound ‘[01m[K:[m[K’ in nested-name-specifier, expected ‘[01m[K::[m[K’
[1.615s]    27 |         auto message = trajectory_msgs::msg[01;31m[K:[m[KJointTrajectory();
[1.615s]       |                                            [01;31m[K^[m[K
[1.615s]       |                                            [32m[K::[m[K
[1.620s] [01m[K/home/tim/dev_ws/src/my_bot/src/joint_publisher.cpp:33:39:[m[K [01;31m[Kerror: [m[K‘[01m[Kcount_[m[K’ was not declared in this scope
[1.620s]    33 |         double position1 = 1.5*(1-cos([01;31m[Kcount_[m[K*0.1));
[1.620s]       |                                       [01;31m[K^~~~~~[m[K
[2.262s] gmake[2]: *** [CMakeFiles/joint_publisher.dir/build.make:76: CMakeFiles/joint_publisher.dir/src/joint_publisher.cpp.o] Error 1
[2.262s] gmake[1]: *** [CMakeFiles/Makefile2:137: CMakeFiles/joint_publisher.dir/all] Error 2
[2.262s] gmake: *** [Makefile:146: all] Error 2
[2.263s] Invoked command in '/home/tim/dev_ws/build/my_bot' returned '2': CMAKE_PREFIX_PATH=${CMAKE_PREFIX_PATH}:/opt/ros/jazzy DEBUGINFOD_URLS=https://debuginfod.ubuntu.com /usr/bin/cmake --build /home/tim/dev_ws/build/my_bot -- -j16 -l16
