-- Found ament_cmake: 2.5.3 (/opt/ros/jazzy/share/ament_cmake/cmake)
-- Override CMake install command with custom implementation using symlinks instead of copying resources
-- Found controller_manager: 4.21.0 (/opt/ros/jazzy/share/controller_manager/cmake)
-- Found rosidl_generator_c: 4.6.5 (/opt/ros/jazzy/share/rosidl_generator_c/cmake)
-- Found rosidl_generator_cpp: 4.6.5 (/opt/ros/jazzy/share/rosidl_generator_cpp/cmake)
-- Using all available rosidl_typesupport_c: rosidl_typesupport_fastrtps_c;rosidl_typesupport_introspection_c
-- Using all available rosidl_typesupport_cpp: rosidl_typesupport_fastrtps_cpp;rosidl_typesupport_introspection_cpp
-- Found TinyXML2 via Config file: /usr/lib/x86_64-linux-gnu/cmake/tinyxml2
-- Found rmw_implementation_cmake: 7.3.1 (/opt/ros/jazzy/share/rmw_implementation_cmake/cmake)
-- Found rmw_fastrtps_cpp: 8.4.1 (/opt/ros/jazzy/share/rmw_fastrtps_cpp/cmake)
-- Found TinyXML2 via Config file: /usr/lib/x86_64-linux-gnu/cmake/tinyxml2
-- Found TinyXML2 via Config file: /usr/lib/x86_64-linux-gnu/cmake/tinyxml2
-- Found TinyXML2 via Config file: /usr/lib/x86_64-linux-gnu/cmake/tinyxml2
-- Found TinyXML2 via Config file: /usr/lib/x86_64-linux-gnu/cmake/tinyxml2
-- Using RMW implementation 'rmw_fastrtps_cpp' as default
-- Found parameter_traits: 0.3.9 (/opt/ros/jazzy/share/parameter_traits/cmake)
-- Found gripper_controllers: 4.18.0 (/opt/ros/jazzy/share/gripper_controllers/cmake)
-- Found gz_ros2_control: 1.2.9 (/opt/ros/jazzy/share/gz_ros2_control/cmake)
-- Found ros_gz: 1.0.7 (/opt/ros/jazzy/share/ros_gz/cmake)
-- Found ros_gz_bridge: 1.0.7 (/opt/ros/jazzy/share/ros_gz_bridge/cmake)
-- Looking for gz-msgs10 -- found version 10.3.1
-- Searching for dependencies of gz-msgs10
-- Looking for gz-utils2 -- found version 2.2.0
-- Searching for dependencies of gz-utils2
-- Looking for gz-math7 -- found version 7.5.1
-- Searching for dependencies of gz-math7
-- Looking for gz-utils2 -- found version 2.2.0
-- Checking for module 'tinyxml2'
--   Found tinyxml2, version 10.0.0
-- Looking for gz-transport13 -- found version 13.4.0
-- Searching for dependencies of gz-transport13
-- Config-file not installed for ZeroMQ -- checking for pkg-config
-- Checking for module 'libzmq >= 4'
--   Found libzmq, version 4.3.5
-- Checking for module 'uuid'
--   Found uuid, version 2.39.3
-- Looking for gz-utils2 -- found version 2.2.0
-- Searching for dependencies of gz-utils2
-- Searching for <gz-utils2> component [cli]
-- Looking for gz-utils2-cli -- found version 2.2.0
-- Searching for dependencies of gz-utils2-cli
-- Looking for gz-msgs10 -- found version 10.3.1
-- Found ros_gz_image: 1.0.7 (/opt/ros/jazzy/share/ros_gz_image/cmake)
-- Found ros_gz_sim: 1.0.7 (/opt/ros/jazzy/share/ros_gz_sim/cmake)
-- Found ros2_control: 4.21.0 (/opt/ros/jazzy/share/ros2_control/cmake)
-- Found ros2_controllers: 4.18.0 (/opt/ros/jazzy/share/ros2_controllers/cmake)
-- Found xacro: 2.0.11 (/opt/ros/jazzy/share/xacro/cmake)
-- Found ament_lint_auto: 0.17.1 (/opt/ros/jazzy/share/ament_lint_auto/cmake)
-- Added test 'copyright' to check source files copyright and LICENSE
-- Added test 'cppcheck' to perform static code analysis on C / C++ code
-- Configured cppcheck include dirs: 
-- Configured cppcheck exclude dirs and/or files: 
-- Added test 'cpplint' to check C / C++ code against the Google style
-- Configured cpplint exclude dirs and/or files: 
-- Added test 'flake8' to check Python code syntax and style conventions
-- Configured 'flake8' exclude dirs and/or files: 
-- Added test 'lint_cmake' to check CMake code style
-- Added test 'pep257' to check Python code against some of the docstring style conventions in PEP 257
-- Added test 'uncrustify' to check C / C++ code style
-- Configured uncrustify additional arguments: 
-- Added test 'xmllint' to check XML markup files
-- Configuring done (1.5s)
-- Generating done (0.0s)
-- Build files have been written to: /home/tim/dev_ws/build/my_bot
[ 50%] [32mBuilding CXX object CMakeFiles/joint_publisher.dir/src/joint_publisher.cpp.o[0m
[100%] [32m[1mLinking CXX executable joint_publisher[0m
/usr/bin/ld: /usr/lib/gcc/x86_64-linux-gnu/13/../../../x86_64-linux-gnu/Scrt1.o: in function `_start':
(.text+0x1b): undefined reference to `main'
collect2: error: ld returned 1 exit status
gmake[2]: *** [CMakeFiles/joint_publisher.dir/build.make:185: joint_publisher] Error 1
gmake[1]: *** [CMakeFiles/Makefile2:137: CMakeFiles/joint_publisher.dir/all] Error 2
gmake: *** [Makefile:146: all] Error 2
