[0.013s] Invoking command in '/home/tim/dev_ws/build/my_bot': CMAKE_PREFIX_PATH=${CMAKE_PREFIX_PATH}:/opt/ros/jazzy DEBUGINFOD_URLS=https://debuginfod.ubuntu.com /usr/bin/cmake --build /home/tim/dev_ws/build/my_bot -- -j16 -l16
[0.046s] -- Found ament_cmake: 2.5.3 (/opt/ros/jazzy/share/ament_cmake/cmake)
[0.253s] -- Override CMake install command with custom implementation using symlinks instead of copying resources
[0.260s] -- Found controller_manager: 4.21.0 (/opt/ros/jazzy/share/controller_manager/cmake)
[0.286s] -- Found rosidl_generator_c: 4.6.5 (/opt/ros/jazzy/share/rosidl_generator_c/cmake)
[0.293s] -- Found rosidl_generator_cpp: 4.6.5 (/opt/ros/jazzy/share/rosidl_generator_cpp/cmake)
[0.303s] -- Using all available rosidl_typesupport_c: rosidl_typesupport_fastrtps_c;rosidl_typesupport_introspection_c
[0.314s] -- Using all available rosidl_typesupport_cpp: rosidl_typesupport_fastrtps_cpp;rosidl_typesupport_introspection_cpp
[0.478s] -- Found TinyXML2 via Config file: /usr/lib/x86_64-linux-gnu/cmake/tinyxml2
[0.526s] -- Found rmw_implementation_cmake: 7.3.1 (/opt/ros/jazzy/share/rmw_implementation_cmake/cmake)
[0.529s] -- Found rmw_fastrtps_cpp: 8.4.1 (/opt/ros/jazzy/share/rmw_fastrtps_cpp/cmake)
[0.556s] -- Found TinyXML2 via Config file: /usr/lib/x86_64-linux-gnu/cmake/tinyxml2
[0.567s] -- Found TinyXML2 via Config file: /usr/lib/x86_64-linux-gnu/cmake/tinyxml2
[0.586s] -- Found TinyXML2 via Config file: /usr/lib/x86_64-linux-gnu/cmake/tinyxml2
[0.595s] -- Found TinyXML2 via Config file: /usr/lib/x86_64-linux-gnu/cmake/tinyxml2
[0.609s] -- Using RMW implementation 'rmw_fastrtps_cpp' as default
[0.774s] -- Found parameter_traits: 0.3.9 (/opt/ros/jazzy/share/parameter_traits/cmake)
[0.780s] -- Found gripper_controllers: 4.18.0 (/opt/ros/jazzy/share/gripper_controllers/cmake)
[0.800s] -- Found gz_ros2_control: 1.2.9 (/opt/ros/jazzy/share/gz_ros2_control/cmake)
[0.801s] -- Found ros_gz: 1.0.7 (/opt/ros/jazzy/share/ros_gz/cmake)
[0.801s] -- Found ros_gz_bridge: 1.0.7 (/opt/ros/jazzy/share/ros_gz_bridge/cmake)
[0.827s] -- Looking for gz-msgs10 -- found version 10.3.1
[0.832s] -- Searching for dependencies of gz-msgs10
[0.848s] -- Looking for gz-utils2 -- found version 2.2.0
[0.848s] -- Searching for dependencies of gz-utils2
[0.849s] -- Looking for gz-math7 -- found version 7.5.1
[0.849s] -- Searching for dependencies of gz-math7
[0.850s] -- Looking for gz-utils2 -- found version 2.2.0
[0.855s] -- Checking for module 'tinyxml2'
[0.869s] --   Found tinyxml2, version 10.0.0
[1.039s] -- Looking for gz-transport13 -- found version 13.4.0
[1.039s] -- Searching for dependencies of gz-transport13
[1.068s] -- Config-file not installed for ZeroMQ -- checking for pkg-config
[1.072s] -- Checking for module 'libzmq >= 4'
[1.090s] --   Found libzmq, version 4.3.5
[1.178s] -- Checking for module 'uuid'
[1.203s] --   Found uuid, version 2.39.3
[1.280s] -- Looking for gz-utils2 -- found version 2.2.0
[1.280s] -- Searching for dependencies of gz-utils2
[1.280s] -- Searching for <gz-utils2> component [cli]
[1.280s] -- Looking for gz-utils2-cli -- found version 2.2.0
[1.280s] -- Searching for dependencies of gz-utils2-cli
[1.281s] -- Looking for gz-msgs10 -- found version 10.3.1
[1.409s] -- Found ros_gz_image: 1.0.7 (/opt/ros/jazzy/share/ros_gz_image/cmake)
[1.409s] -- Found ros_gz_sim: 1.0.7 (/opt/ros/jazzy/share/ros_gz_sim/cmake)
[1.411s] -- Found ros2_control: 4.21.0 (/opt/ros/jazzy/share/ros2_control/cmake)
[1.411s] -- Found ros2_controllers: 4.18.0 (/opt/ros/jazzy/share/ros2_controllers/cmake)
[1.411s] -- Found xacro: 2.0.11 (/opt/ros/jazzy/share/xacro/cmake)
[1.413s] -- Found ament_lint_auto: 0.17.1 (/opt/ros/jazzy/share/ament_lint_auto/cmake)
[1.496s] -- Added test 'copyright' to check source files copyright and LICENSE
[1.497s] -- Added test 'cppcheck' to perform static code analysis on C / C++ code
[1.497s] -- Configured cppcheck include dirs: 
[1.497s] -- Configured cppcheck exclude dirs and/or files: 
[1.498s] -- Added test 'cpplint' to check C / C++ code against the Google style
[1.499s] -- Configured cpplint exclude dirs and/or files: 
[1.499s] -- Added test 'flake8' to check Python code syntax and style conventions
[1.499s] -- Configured 'flake8' exclude dirs and/or files: 
[1.500s] -- Added test 'lint_cmake' to check CMake code style
[1.500s] -- Added test 'pep257' to check Python code against some of the docstring style conventions in PEP 257
[1.501s] -- Added test 'uncrustify' to check C / C++ code style
[1.501s] -- Configured uncrustify additional arguments: 
[1.502s] -- Added test 'xmllint' to check XML markup files
[1.503s] -- Configuring done (1.5s)
[1.516s] -- Generating done (0.0s)
[1.521s] -- Build files have been written to: /home/tim/dev_ws/build/my_bot
[1.578s] [ 50%] [32mBuilding CXX object CMakeFiles/joint_publisher.dir/src/joint_publisher.cpp.o[0m
[1.636s] [100%] [32m[1mLinking CXX executable joint_publisher[0m
[1.757s] /usr/bin/ld: /usr/lib/gcc/x86_64-linux-gnu/13/../../../x86_64-linux-gnu/Scrt1.o: in function `_start':
[1.757s] (.text+0x1b): undefined reference to `main'
[1.758s] collect2: error: ld returned 1 exit status
[1.760s] gmake[2]: *** [CMakeFiles/joint_publisher.dir/build.make:185: joint_publisher] Error 1
[1.760s] gmake[1]: *** [CMakeFiles/Makefile2:137: CMakeFiles/joint_publisher.dir/all] Error 2
[1.760s] gmake: *** [Makefile:146: all] Error 2
[1.762s] Invoked command in '/home/tim/dev_ws/build/my_bot' returned '2': CMAKE_PREFIX_PATH=${CMAKE_PREFIX_PATH}:/opt/ros/jazzy DEBUGINFOD_URLS=https://debuginfod.ubuntu.com /usr/bin/cmake --build /home/tim/dev_ws/build/my_bot -- -j16 -l16
