[0.012s] Invoking command in '/home/tim/dev_ws/build/my_bot': CMAKE_PREFIX_PATH=${CMAKE_PREFIX_PATH}:/opt/ros/jazzy DEBUGINFOD_URLS=https://debuginfod.ubuntu.com /usr/bin/cmake --build /home/tim/dev_ws/build/my_bot -- -j16 -l16
[0.069s] -- Found ament_cmake: 2.5.4 (/opt/ros/jazzy/share/ament_cmake/cmake)
[0.227s] -- Override CMake install command with custom implementation using symlinks instead of copying resources
[0.234s] -- Found controller_manager: 4.32.0 (/opt/ros/jazzy/share/controller_manager/cmake)
[0.270s] -- Found rosidl_generator_c: 4.6.5 (/opt/ros/jazzy/share/rosidl_generator_c/cmake)
[0.278s] -- Found rosidl_generator_cpp: 4.6.5 (/opt/ros/jazzy/share/rosidl_generator_cpp/cmake)
[0.288s] -- Using all available rosidl_typesupport_c: rosidl_typesupport_fastrtps_c;rosidl_typesupport_introspection_c
[0.300s] -- Using all available rosidl_typesupport_cpp: rosidl_typesupport_fastrtps_cpp;rosidl_typesupport_introspection_cpp
[0.354s] -- Found rmw_implementation_cmake: 7.3.2 (/opt/ros/jazzy/share/rmw_implementation_cmake/cmake)
[0.356s] -- Found rmw_fastrtps_cpp: 8.4.2 (/opt/ros/jazzy/share/rmw_fastrtps_cpp/cmake)
[0.416s] -- Using RMW implementation 'rmw_fastrtps_cpp' as default
[0.787s] -- Found gripper_controllers: 4.27.0 (/opt/ros/jazzy/share/gripper_controllers/cmake)
[0.823s] -- Found eigen3_cmake_module: 0.3.0 (/opt/ros/jazzy/share/eigen3_cmake_module/cmake)
[0.824s] -- Found Eigen3: TRUE (found version "3.4.0") 
[0.824s] -- Ensuring Eigen3 include directory is part of orocos-kdl CMake target
[0.903s] -- Found gz_ros2_control: 1.2.13 (/opt/ros/jazzy/share/gz_ros2_control/cmake)
[0.905s] -- Found ros_gz: 1.0.15 (/opt/ros/jazzy/share/ros_gz/cmake)
[0.905s] -- Found ros_gz_bridge: 1.0.15 (/opt/ros/jazzy/share/ros_gz_bridge/cmake)
[0.913s] -- Looking for gz-msgs10 -- found version 10.3.2
[0.919s] -- Searching for dependencies of gz-msgs10
[0.944s] -- Looking for gz-utils2 -- found version 2.2.1
[0.945s] -- Searching for dependencies of gz-utils2
[0.947s] -- Looking for gz-math7 -- found version 7.5.2
[0.947s] -- Searching for dependencies of gz-math7
[0.948s] -- Looking for gz-utils2 -- found version 2.2.1
[0.954s] -- Checking for module 'tinyxml2'
[0.977s] --   Found tinyxml2, version 10.0.0
[1.050s] -- Looking for gz-transport13 -- found version 13.4.1
[1.050s] -- Searching for dependencies of gz-transport13
[1.083s] -- Config-file not installed for ZeroMQ -- checking for pkg-config
[1.087s] -- Checking for module 'libzmq >= 4'
[1.102s] --   Found libzmq, version 4.3.5
[1.165s] -- Checking for module 'uuid'
[1.187s] --   Found uuid, version 2.39.3
[1.243s] -- Looking for gz-utils2 -- found version 2.2.1
[1.243s] -- Searching for dependencies of gz-utils2
[1.244s] -- Searching for <gz-utils2> component [cli]
[1.245s] -- Looking for gz-utils2-cli -- found version 2.2.1
[1.246s] -- Searching for dependencies of gz-utils2-cli
[1.247s] -- Looking for gz-msgs10 -- found version 10.3.2
[1.360s] -- Found ros_gz_image: 1.0.15 (/opt/ros/jazzy/share/ros_gz_image/cmake)
[1.360s] -- Found ros_gz_sim: 1.0.15 (/opt/ros/jazzy/share/ros_gz_sim/cmake)
[1.363s] -- Found ros2_control: 4.32.0 (/opt/ros/jazzy/share/ros2_control/cmake)
[1.363s] -- Found ros2_controllers: 4.27.0 (/opt/ros/jazzy/share/ros2_controllers/cmake)
[1.364s] -- Found xacro: 2.0.13 (/opt/ros/jazzy/share/xacro/cmake)
[1.365s] -- Found ament_lint_auto: 0.17.2 (/opt/ros/jazzy/share/ament_lint_auto/cmake)
[1.435s] -- Added test 'copyright' to check source files copyright and LICENSE
[1.436s] -- Added test 'cppcheck' to perform static code analysis on C / C++ code
[1.436s] -- Configured cppcheck include dirs: 
[1.436s] -- Configured cppcheck exclude dirs and/or files: 
[1.437s] -- Added test 'cpplint' to check C / C++ code against the Google style
[1.437s] -- Configured cpplint exclude dirs and/or files: 
[1.437s] -- Added test 'flake8' to check Python code syntax and style conventions
[1.437s] -- Configured 'flake8' exclude dirs and/or files: 
[1.437s] -- Added test 'lint_cmake' to check CMake code style
[1.438s] -- Added test 'pep257' to check Python code against some of the docstring style conventions in PEP 257
[1.438s] -- Added test 'uncrustify' to check C / C++ code style
[1.438s] -- Configured uncrustify additional arguments: 
[1.438s] -- Added test 'xmllint' to check XML markup files
[1.440s] -- Configuring done (1.4s)
[1.451s] -- Generating done (0.0s)
[1.454s] -- Build files have been written to: /home/tim/dev_ws/build/my_bot
[1.505s] [ 50%] [32mBuilding CXX object CMakeFiles/joint_publisher.dir/src/joint_publisher.cpp.o[0m
[4.387s] [100%] [32m[1mLinking CXX executable joint_publisher[0m
[4.582s] [100%] Built target joint_publisher
[4.594s] Invoked command in '/home/tim/dev_ws/build/my_bot' returned '0': CMAKE_PREFIX_PATH=${CMAKE_PREFIX_PATH}:/opt/ros/jazzy DEBUGINFOD_URLS=https://debuginfod.ubuntu.com /usr/bin/cmake --build /home/tim/dev_ws/build/my_bot -- -j16 -l16
[4.595s] Invoking command in '/home/tim/dev_ws/build/my_bot': CMAKE_PREFIX_PATH=${CMAKE_PREFIX_PATH}:/opt/ros/jazzy DEBUGINFOD_URLS=https://debuginfod.ubuntu.com /usr/bin/cmake --install /home/tim/dev_ws/build/my_bot
[4.605s] -- Install configuration: ""
[4.606s] -- Execute custom install script
[4.606s] -- Up-to-date symlink: /home/tim/dev_ws/install/my_bot/lib/my_bot/joint_publisher
[4.607s] -- Up-to-date symlink: /home/tim/dev_ws/install/my_bot/share/my_bot/config/controllers.yaml
[4.607s] -- Up-to-date symlink: /home/tim/dev_ws/install/my_bot/share/my_bot/config/empty.yaml
[4.608s] -- Up-to-date symlink: /home/tim/dev_ws/install/my_bot/share/my_bot/config/gaz_ros2_ctl_use_sim.yaml
[4.608s] -- Up-to-date symlink: /home/tim/dev_ws/install/my_bot/share/my_bot/config/gz_bridge.yaml
[4.608s] -- Up-to-date symlink: /home/tim/dev_ws/install/my_bot/share/my_bot/config/joint_trajectory_publisher.yaml
[4.608s] -- Up-to-date symlink: /home/tim/dev_ws/install/my_bot/share/my_bot/description/camera.xacro
[4.608s] -- Up-to-date symlink: /home/tim/dev_ws/install/my_bot/share/my_bot/description/gazebo_control.xacro
[4.608s] -- Up-to-date symlink: /home/tim/dev_ws/install/my_bot/share/my_bot/description/inertial_macros.xacro
[4.609s] -- Up-to-date symlink: /home/tim/dev_ws/install/my_bot/share/my_bot/description/robot.urdf
[4.609s] -- Up-to-date symlink: /home/tim/dev_ws/install/my_bot/share/my_bot/description/robot.urdf.xacro
[4.609s] -- Up-to-date symlink: /home/tim/dev_ws/install/my_bot/share/my_bot/description/robot_core.xacro
[4.609s] -- Up-to-date symlink: /home/tim/dev_ws/install/my_bot/share/my_bot/description/ros2_control.xacro
[4.609s] -- Up-to-date symlink: /home/tim/dev_ws/install/my_bot/share/my_bot/launch/launch_sim.launch.py
[4.609s] -- Up-to-date symlink: /home/tim/dev_ws/install/my_bot/share/my_bot/launch/launch_sim_arti.launch.py
[4.609s] -- Up-to-date symlink: /home/tim/dev_ws/install/my_bot/share/my_bot/launch/rsp.launch.py
[4.609s] -- Up-to-date symlink: /home/tim/dev_ws/install/my_bot/share/my_bot/worlds/empty.world
[4.610s] -- Up-to-date symlink: /home/tim/dev_ws/install/my_bot/share/my_bot/worlds/obstacles.world
[4.610s] -- Up-to-date symlink: /home/tim/dev_ws/install/my_bot/share/ament_index/resource_index/package_run_dependencies/my_bot
[4.610s] -- Up-to-date symlink: /home/tim/dev_ws/install/my_bot/share/ament_index/resource_index/parent_prefix_path/my_bot
[4.610s] -- Up-to-date symlink: /home/tim/dev_ws/install/my_bot/share/my_bot/environment/ament_prefix_path.sh
[4.610s] -- Up-to-date symlink: /home/tim/dev_ws/install/my_bot/share/my_bot/environment/ament_prefix_path.dsv
[4.611s] -- Up-to-date symlink: /home/tim/dev_ws/install/my_bot/share/my_bot/environment/path.sh
[4.611s] -- Up-to-date symlink: /home/tim/dev_ws/install/my_bot/share/my_bot/environment/path.dsv
[4.611s] -- Up-to-date symlink: /home/tim/dev_ws/install/my_bot/share/my_bot/local_setup.bash
[4.611s] -- Up-to-date symlink: /home/tim/dev_ws/install/my_bot/share/my_bot/local_setup.sh
[4.612s] -- Up-to-date symlink: /home/tim/dev_ws/install/my_bot/share/my_bot/local_setup.zsh
[4.612s] -- Up-to-date symlink: /home/tim/dev_ws/install/my_bot/share/my_bot/local_setup.dsv
[4.612s] -- Symlinking: /home/tim/dev_ws/install/my_bot/share/my_bot/package.dsv
[4.622s] -- Up-to-date symlink: /home/tim/dev_ws/install/my_bot/share/ament_index/resource_index/packages/my_bot
[4.622s] -- Up-to-date symlink: /home/tim/dev_ws/install/my_bot/share/my_bot/cmake/my_botConfig.cmake
[4.623s] -- Up-to-date symlink: /home/tim/dev_ws/install/my_bot/share/my_bot/cmake/my_botConfig-version.cmake
[4.623s] -- Up-to-date symlink: /home/tim/dev_ws/install/my_bot/share/my_bot/package.xml
[4.625s] Invoked command in '/home/tim/dev_ws/build/my_bot' returned '0': CMAKE_PREFIX_PATH=${CMAKE_PREFIX_PATH}:/opt/ros/jazzy DEBUGINFOD_URLS=https://debuginfod.ubuntu.com /usr/bin/cmake --install /home/tim/dev_ws/build/my_bot
