[0.009s] Invoking command in '/home/tim/dev_ws/build/my_package': CMAKE_PREFIX_PATH=${CMAKE_PREFIX_PATH}:/opt/ros/jazzy DEBUGINFOD_URLS=https://debuginfod.ubuntu.com /usr/bin/cmake /home/tim/dev_ws/src/my_package -DAMENT_CMAKE_SYMLINK_INSTALL=1 -DCMAKE_INSTALL_PREFIX=/home/tim/dev_ws/install/my_package
[0.177s] -- The C compiler identification is GNU 13.2.0
[0.319s] -- The CXX compiler identification is GNU 13.2.0
[0.350s] -- Detecting C compiler ABI info
[0.466s] -- Detecting C compiler ABI info - done
[0.474s] -- Check for working C compiler: /usr/bin/cc - skipped
[0.475s] -- Detecting C compile features
[0.476s] -- Detecting C compile features - done
[0.490s] -- Detecting CXX compiler ABI info
[0.651s] -- Detecting CXX compiler ABI info - done
[0.659s] -- Check for working CXX compiler: /usr/bin/c++ - skipped
[0.659s] -- Detecting CXX compile features
[0.660s] -- Detecting CXX compile features - done
[0.672s] -- Found ament_cmake: 2.5.2 (/opt/ros/jazzy/share/ament_cmake/cmake)
[0.845s] -- Found Python3: /usr/bin/python3 (found version "3.12.3") found components: Interpreter 
[0.926s] -- Override CMake install command with custom implementation using symlinks instead of copying resources
[0.975s] -- Found ament_lint_auto: 0.17.1 (/opt/ros/jazzy/share/ament_lint_auto/cmake)
[1.066s] -- Added test 'flake8' to check Python code syntax and style conventions
[1.066s] -- Configured 'flake8' exclude dirs and/or files: 
[1.067s] -- Added test 'lint_cmake' to check CMake code style
[1.068s] -- Added test 'pep257' to check Python code against some of the docstring style conventions in PEP 257
[1.069s] -- Added test 'xmllint' to check XML markup files
[1.070s] -- Configuring done (1.0s)
[1.072s] -- Generating done (0.0s)
[1.073s] -- Build files have been written to: /home/tim/dev_ws/build/my_package
[1.077s] Invoked command in '/home/tim/dev_ws/build/my_package' returned '0': CMAKE_PREFIX_PATH=${CMAKE_PREFIX_PATH}:/opt/ros/jazzy DEBUGINFOD_URLS=https://debuginfod.ubuntu.com /usr/bin/cmake /home/tim/dev_ws/src/my_package -DAMENT_CMAKE_SYMLINK_INSTALL=1 -DCMAKE_INSTALL_PREFIX=/home/tim/dev_ws/install/my_package
[1.078s] Invoking command in '/home/tim/dev_ws/build/my_package': CMAKE_PREFIX_PATH=${CMAKE_PREFIX_PATH}:/opt/ros/jazzy DEBUGINFOD_URLS=https://debuginfod.ubuntu.com /usr/bin/cmake --build /home/tim/dev_ws/build/my_package -- -j16 -l16
[1.127s] Invoked command in '/home/tim/dev_ws/build/my_package' returned '0': CMAKE_PREFIX_PATH=${CMAKE_PREFIX_PATH}:/opt/ros/jazzy DEBUGINFOD_URLS=https://debuginfod.ubuntu.com /usr/bin/cmake --build /home/tim/dev_ws/build/my_package -- -j16 -l16
[1.140s] Invoking command in '/home/tim/dev_ws/build/my_package': CMAKE_PREFIX_PATH=${CMAKE_PREFIX_PATH}:/opt/ros/jazzy DEBUGINFOD_URLS=https://debuginfod.ubuntu.com /usr/bin/cmake --install /home/tim/dev_ws/build/my_package
[1.149s] -- Install configuration: ""
[1.150s] -- Execute custom install script
[1.151s] -- Symlinking: /home/tim/dev_ws/install/my_package/share/my_package/launch/listener.launch.py
[1.163s] -- Symlinking: /home/tim/dev_ws/install/my_package/share/my_package/launch/talker.launch.py
[1.175s] -- Symlinking: /home/tim/dev_ws/install/my_package/share/ament_index/resource_index/package_run_dependencies/my_package
[1.186s] -- Symlinking: /home/tim/dev_ws/install/my_package/share/ament_index/resource_index/parent_prefix_path/my_package
[1.197s] -- Symlinking: /home/tim/dev_ws/install/my_package/share/my_package/environment/ament_prefix_path.sh
[1.209s] -- Symlinking: /home/tim/dev_ws/install/my_package/share/my_package/environment/ament_prefix_path.dsv
[1.221s] -- Symlinking: /home/tim/dev_ws/install/my_package/share/my_package/environment/path.sh
[1.233s] -- Symlinking: /home/tim/dev_ws/install/my_package/share/my_package/environment/path.dsv
[1.243s] -- Symlinking: /home/tim/dev_ws/install/my_package/share/my_package/local_setup.bash
[1.253s] -- Symlinking: /home/tim/dev_ws/install/my_package/share/my_package/local_setup.sh
[1.264s] -- Symlinking: /home/tim/dev_ws/install/my_package/share/my_package/local_setup.zsh
[1.274s] -- Symlinking: /home/tim/dev_ws/install/my_package/share/my_package/local_setup.dsv
[1.285s] -- Symlinking: /home/tim/dev_ws/install/my_package/share/my_package/package.dsv
[1.296s] -- Symlinking: /home/tim/dev_ws/install/my_package/share/ament_index/resource_index/packages/my_package
[1.308s] -- Symlinking: /home/tim/dev_ws/install/my_package/share/my_package/cmake/my_packageConfig.cmake
[1.322s] -- Symlinking: /home/tim/dev_ws/install/my_package/share/my_package/cmake/my_packageConfig-version.cmake
[1.332s] -- Symlinking: /home/tim/dev_ws/install/my_package/share/my_package/package.xml
[1.347s] Invoked command in '/home/tim/dev_ws/build/my_package' returned '0': CMAKE_PREFIX_PATH=${CMAKE_PREFIX_PATH}:/opt/ros/jazzy DEBUGINFOD_URLS=https://debuginfod.ubuntu.com /usr/bin/cmake --install /home/tim/dev_ws/build/my_package
