[0.011s] Invoking command in '/home/tim/dev_ws/build/my_bot': CMAKE_PREFIX_PATH=${CMAKE_PREFIX_PATH}:/opt/ros/jazzy DEBUGINFOD_URLS=https://debuginfod.ubuntu.com /usr/bin/cmake --build /home/tim/dev_ws/build/my_bot -- -j16 -l16
[0.056s] -- Found ament_cmake: 2.5.3 (/opt/ros/jazzy/share/ament_cmake/cmake)
[0.316s] -- Override CMake install command with custom implementation using symlinks instead of copying resources
[0.328s] -- Found controller_manager: 4.21.0 (/opt/ros/jazzy/share/controller_manager/cmake)
[0.356s] -- Found rosidl_generator_c: 4.6.5 (/opt/ros/jazzy/share/rosidl_generator_c/cmake)
[0.364s] -- Found rosidl_generator_cpp: 4.6.5 (/opt/ros/jazzy/share/rosidl_generator_cpp/cmake)
[0.373s] -- Using all available rosidl_typesupport_c: rosidl_typesupport_fastrtps_c;rosidl_typesupport_introspection_c
[0.383s] -- Using all available rosidl_typesupport_cpp: rosidl_typesupport_fastrtps_cpp;rosidl_typesupport_introspection_cpp
[0.549s] -- Found TinyXML2 via Config file: /usr/lib/x86_64-linux-gnu/cmake/tinyxml2
[0.579s] -- Found rmw_implementation_cmake: 7.3.1 (/opt/ros/jazzy/share/rmw_implementation_cmake/cmake)
[0.581s] -- Found rmw_fastrtps_cpp: 8.4.1 (/opt/ros/jazzy/share/rmw_fastrtps_cpp/cmake)
[0.595s] -- Found TinyXML2 via Config file: /usr/lib/x86_64-linux-gnu/cmake/tinyxml2
[0.604s] -- Found TinyXML2 via Config file: /usr/lib/x86_64-linux-gnu/cmake/tinyxml2
[0.622s] -- Found TinyXML2 via Config file: /usr/lib/x86_64-linux-gnu/cmake/tinyxml2
[0.631s] -- Found TinyXML2 via Config file: /usr/lib/x86_64-linux-gnu/cmake/tinyxml2
[0.644s] -- Using RMW implementation 'rmw_fastrtps_cpp' as default
[0.784s] -- Found parameter_traits: 0.3.9 (/opt/ros/jazzy/share/parameter_traits/cmake)
[0.790s] -- Found gripper_controllers: 4.18.0 (/opt/ros/jazzy/share/gripper_controllers/cmake)
[0.813s] -- Found gz_ros2_control: 1.2.9 (/opt/ros/jazzy/share/gz_ros2_control/cmake)
[0.814s] -- Found ros_gz: 1.0.7 (/opt/ros/jazzy/share/ros_gz/cmake)
[0.814s] -- Found ros_gz_bridge: 1.0.7 (/opt/ros/jazzy/share/ros_gz_bridge/cmake)
[0.843s] -- Looking for gz-msgs10 -- found version 10.3.1
[0.847s] -- Searching for dependencies of gz-msgs10
[0.865s] -- Looking for gz-utils2 -- found version 2.2.0
[0.865s] -- Searching for dependencies of gz-utils2
[0.866s] -- Looking for gz-math7 -- found version 7.5.1
[0.866s] -- Searching for dependencies of gz-math7
[0.866s] -- Looking for gz-utils2 -- found version 2.2.0
[0.872s] -- Checking for module 'tinyxml2'
[0.887s] --   Found tinyxml2, version 10.0.0
[1.123s] -- Looking for gz-transport13 -- found version 13.4.0
[1.123s] -- Searching for dependencies of gz-transport13
[1.152s] -- Config-file not installed for ZeroMQ -- checking for pkg-config
[1.157s] -- Checking for module 'libzmq >= 4'
[1.182s] --   Found libzmq, version 4.3.5
[1.297s] -- Checking for module 'uuid'
[1.329s] --   Found uuid, version 2.39.3
[1.412s] -- Looking for gz-utils2 -- found version 2.2.0
[1.412s] -- Searching for dependencies of gz-utils2
[1.412s] -- Searching for <gz-utils2> component [cli]
[1.413s] -- Looking for gz-utils2-cli -- found version 2.2.0
[1.414s] -- Searching for dependencies of gz-utils2-cli
[1.415s] -- Looking for gz-msgs10 -- found version 10.3.1
[1.554s] -- Found ros_gz_image: 1.0.7 (/opt/ros/jazzy/share/ros_gz_image/cmake)
[1.554s] -- Found ros_gz_sim: 1.0.7 (/opt/ros/jazzy/share/ros_gz_sim/cmake)
[1.556s] -- Found ros2_control: 4.21.0 (/opt/ros/jazzy/share/ros2_control/cmake)
[1.556s] -- Found ros2_controllers: 4.18.0 (/opt/ros/jazzy/share/ros2_controllers/cmake)
[1.556s] -- Found xacro: 2.0.11 (/opt/ros/jazzy/share/xacro/cmake)
[1.557s] [31mCMake Error at CMakeLists.txt:50 (amen_target_dependencies):
[1.557s]   Unknown CMake command "amen_target_dependencies".
[1.557s] 
[1.557s] [0m
[1.557s] -- Configuring incomplete, errors occurred!
[1.568s] gmake: *** [Makefile:226: cmake_check_build_system] Error 1
[1.569s] Invoked command in '/home/tim/dev_ws/build/my_bot' returned '2': CMAKE_PREFIX_PATH=${CMAKE_PREFIX_PATH}:/opt/ros/jazzy DEBUGINFOD_URLS=https://debuginfod.ubuntu.com /usr/bin/cmake --build /home/tim/dev_ws/build/my_bot -- -j16 -l16
