[0.009s] Invoking command in '/home/tim/dev_ws/build/my_package': CMAKE_PREFIX_PATH=${CMAKE_PREFIX_PATH}:/opt/ros/jazzy DEBUGINFOD_URLS=https://debuginfod.ubuntu.com /usr/bin/cmake --build /home/tim/dev_ws/build/my_package -- -j16 -l16
[0.047s] -- Found ament_cmake: 2.5.4 (/opt/ros/jazzy/share/ament_cmake/cmake)
[0.213s] -- Override CMake install command with custom implementation using symlinks instead of copying resources
[0.224s] -- Found ament_lint_auto: 0.17.2 (/opt/ros/jazzy/share/ament_lint_auto/cmake)
[0.303s] -- Added test 'flake8' to check Python code syntax and style conventions
[0.303s] -- Configured 'flake8' exclude dirs and/or files: 
[0.304s] -- Added test 'lint_cmake' to check CMake code style
[0.304s] -- Added test 'pep257' to check Python code against some of the docstring style conventions in PEP 257
[0.307s] -- Added test 'xmllint' to check XML markup files
[0.308s] -- Configuring done (0.3s)
[0.312s] -- Generating done (0.0s)
[0.314s] -- Build files have been written to: /home/tim/dev_ws/build/my_package
[0.333s] Invoked command in '/home/tim/dev_ws/build/my_package' returned '0': CMAKE_PREFIX_PATH=${CMAKE_PREFIX_PATH}:/opt/ros/jazzy DEBUGINFOD_URLS=https://debuginfod.ubuntu.com /usr/bin/cmake --build /home/tim/dev_ws/build/my_package -- -j16 -l16
[0.342s] Invoking command in '/home/tim/dev_ws/build/my_package': CMAKE_PREFIX_PATH=${CMAKE_PREFIX_PATH}:/opt/ros/jazzy DEBUGINFOD_URLS=https://debuginfod.ubuntu.com /usr/bin/cmake --install /home/tim/dev_ws/build/my_package
[0.348s] -- Install configuration: ""
[0.348s] -- Execute custom install script
[0.348s] -- Up-to-date symlink: /home/tim/dev_ws/install/my_package/share/my_package/launch/listener.launch.py
[0.348s] -- Up-to-date symlink: /home/tim/dev_ws/install/my_package/share/my_package/launch/talker.launch.py
[0.348s] -- Up-to-date symlink: /home/tim/dev_ws/install/my_package/share/ament_index/resource_index/package_run_dependencies/my_package
[0.348s] -- Up-to-date symlink: /home/tim/dev_ws/install/my_package/share/ament_index/resource_index/parent_prefix_path/my_package
[0.349s] -- Up-to-date symlink: /home/tim/dev_ws/install/my_package/share/my_package/environment/ament_prefix_path.sh
[0.349s] -- Up-to-date symlink: /home/tim/dev_ws/install/my_package/share/my_package/environment/ament_prefix_path.dsv
[0.349s] -- Up-to-date symlink: /home/tim/dev_ws/install/my_package/share/my_package/environment/path.sh
[0.349s] -- Up-to-date symlink: /home/tim/dev_ws/install/my_package/share/my_package/environment/path.dsv
[0.349s] -- Up-to-date symlink: /home/tim/dev_ws/install/my_package/share/my_package/local_setup.bash
[0.349s] -- Up-to-date symlink: /home/tim/dev_ws/install/my_package/share/my_package/local_setup.sh
[0.349s] -- Up-to-date symlink: /home/tim/dev_ws/install/my_package/share/my_package/local_setup.zsh
[0.349s] -- Up-to-date symlink: /home/tim/dev_ws/install/my_package/share/my_package/local_setup.dsv
[0.349s] -- Symlinking: /home/tim/dev_ws/install/my_package/share/my_package/package.dsv
[0.357s] -- Up-to-date symlink: /home/tim/dev_ws/install/my_package/share/ament_index/resource_index/packages/my_package
[0.357s] -- Up-to-date symlink: /home/tim/dev_ws/install/my_package/share/my_package/cmake/my_packageConfig.cmake
[0.357s] -- Up-to-date symlink: /home/tim/dev_ws/install/my_package/share/my_package/cmake/my_packageConfig-version.cmake
[0.357s] -- Up-to-date symlink: /home/tim/dev_ws/install/my_package/share/my_package/package.xml
[0.358s] Invoked command in '/home/tim/dev_ws/build/my_package' returned '0': CMAKE_PREFIX_PATH=${CMAKE_PREFIX_PATH}:/opt/ros/jazzy DEBUGINFOD_URLS=https://debuginfod.ubuntu.com /usr/bin/cmake --install /home/tim/dev_ws/build/my_package
