[0.008s] Invoking command in '/home/tim/dev_ws/build/my_bot': DEBUGINFOD_URLS=https://debuginfod.ubuntu.com /usr/bin/cmake /home/tim/dev_ws/src/my_bot -DCMAKE_INSTALL_PREFIX=/home/tim/dev_ws/install/my_bot
[0.018s] -- Found ament_cmake: 2.5.3 (/opt/ros/jazzy/share/ament_cmake/cmake)
[0.180s] -- Override CMake install command with custom implementation using symlinks instead of copying resources
[0.185s] -- Found controller_manager: 4.21.0 (/opt/ros/jazzy/share/controller_manager/cmake)
[0.207s] -- Found rosidl_generator_c: 4.6.5 (/opt/ros/jazzy/share/rosidl_generator_c/cmake)
[0.213s] -- Found rosidl_generator_cpp: 4.6.5 (/opt/ros/jazzy/share/rosidl_generator_cpp/cmake)
[0.221s] -- Using all available rosidl_typesupport_c: rosidl_typesupport_fastrtps_c;rosidl_typesupport_introspection_c
[0.230s] -- Using all available rosidl_typesupport_cpp: rosidl_typesupport_fastrtps_cpp;rosidl_typesupport_introspection_cpp
[0.367s] -- Found TinyXML2 via Config file: /usr/lib/x86_64-linux-gnu/cmake/tinyxml2
[0.392s] -- Found rmw_implementation_cmake: 7.3.1 (/opt/ros/jazzy/share/rmw_implementation_cmake/cmake)
[0.393s] -- Found rmw_fastrtps_cpp: 8.4.1 (/opt/ros/jazzy/share/rmw_fastrtps_cpp/cmake)
[0.405s] -- Found TinyXML2 via Config file: /usr/lib/x86_64-linux-gnu/cmake/tinyxml2
[0.412s] -- Found TinyXML2 via Config file: /usr/lib/x86_64-linux-gnu/cmake/tinyxml2
[0.425s] -- Found TinyXML2 via Config file: /usr/lib/x86_64-linux-gnu/cmake/tinyxml2
[0.436s] -- Found TinyXML2 via Config file: /usr/lib/x86_64-linux-gnu/cmake/tinyxml2
[0.446s] -- Using RMW implementation 'rmw_fastrtps_cpp' as default
[0.570s] -- Found parameter_traits: 0.3.9 (/opt/ros/jazzy/share/parameter_traits/cmake)
[0.575s] -- Found gripper_controllers: 4.18.0 (/opt/ros/jazzy/share/gripper_controllers/cmake)
[0.593s] -- Found gz_ros2_control: 1.2.9 (/opt/ros/jazzy/share/gz_ros2_control/cmake)
[0.594s] -- Found ros_gz: 1.0.7 (/opt/ros/jazzy/share/ros_gz/cmake)
[0.594s] -- Found ros_gz_bridge: 1.0.7 (/opt/ros/jazzy/share/ros_gz_bridge/cmake)
[0.617s] -- Looking for gz-msgs10 -- found version 10.3.1
[0.620s] -- Searching for dependencies of gz-msgs10
[0.635s] -- Looking for gz-utils2 -- found version 2.2.0
[0.635s] -- Searching for dependencies of gz-utils2
[0.636s] -- Looking for gz-math7 -- found version 7.5.1
[0.636s] -- Searching for dependencies of gz-math7
[0.636s] -- Looking for gz-utils2 -- found version 2.2.0
[0.640s] -- Checking for module 'tinyxml2'
[0.655s] --   Found tinyxml2, version 10.0.0
[0.807s] -- Looking for gz-transport13 -- found version 13.4.0
[0.807s] -- Searching for dependencies of gz-transport13
[0.830s] -- Config-file not installed for ZeroMQ -- checking for pkg-config
[0.833s] -- Checking for module 'libzmq >= 4'
[0.846s] --   Found libzmq, version 4.3.5
[0.902s] -- Checking for module 'uuid'
[0.922s] --   Found uuid, version 2.39.3
[0.964s] -- Looking for gz-utils2 -- found version 2.2.0
[0.964s] -- Searching for dependencies of gz-utils2
[0.965s] -- Searching for <gz-utils2> component [cli]
[0.965s] -- Looking for gz-utils2-cli -- found version 2.2.0
[0.965s] -- Searching for dependencies of gz-utils2-cli
[0.966s] -- Looking for gz-msgs10 -- found version 10.3.1
[1.077s] -- Found ros_gz_image: 1.0.7 (/opt/ros/jazzy/share/ros_gz_image/cmake)
[1.077s] -- Found ros_gz_sim: 1.0.7 (/opt/ros/jazzy/share/ros_gz_sim/cmake)
[1.078s] -- Found ros2_control: 4.21.0 (/opt/ros/jazzy/share/ros2_control/cmake)
[1.079s] -- Found ros2_controllers: 4.18.0 (/opt/ros/jazzy/share/ros2_controllers/cmake)
[1.079s] -- Found xacro: 2.0.11 (/opt/ros/jazzy/share/xacro/cmake)
[1.079s] -- Found ament_lint_auto: 0.17.1 (/opt/ros/jazzy/share/ament_lint_auto/cmake)
[1.130s] Error parsing '/home/tim/dev_ws/src/my_bot/package.xml':
[1.902s] Traceback (most recent call last):
[1.902s]   File "/opt/ros/jazzy/share/ament_cmake_core/cmake/core/package_xml_2_cmake.py", line 150, in <module>
[1.902s]     main()
[1.902s]   File "/opt/ros/jazzy/share/ament_cmake_core/cmake/core/package_xml_2_cmake.py", line 53, in main
[1.902s]     raise e
[1.902s]   File "/opt/ros/jazzy/share/ament_cmake_core/cmake/core/package_xml_2_cmake.py", line 49, in main
[1.902s]     package = parse_package_string(
[1.902s]               ^^^^^^^^^^^^^^^^^^^^^
[1.902s]   File "/usr/lib/python3/dist-packages/catkin_pkg/package.py", line 786, in parse_package_string
[1.902s]     raise InvalidPackage('Error(s):%s' % (''.join(['\n- %s' % e for e in errors])), filename)
[1.902s] catkin_pkg.package.InvalidPackage: Error(s) in package '/home/tim/dev_ws/src/my_bot/package.xml':
[1.902s] Error(s):
[1.902s] - The generic dependency on 'ros_gz_bridge' is redundant with: exec_depend
[1.923s] [31mCMake Error at /opt/ros/jazzy/share/ament_cmake_core/cmake/core/ament_package_xml.cmake:95 (message):
[1.923s]   execute_process(/usr/bin/python3
[1.923s]   /opt/ros/jazzy/share/ament_cmake_core/cmake/core/package_xml_2_cmake.py
[1.923s]   /home/tim/dev_ws/src/my_bot/package.xml
[1.923s]   /home/tim/dev_ws/build/my_bot/ament_cmake_core/package.cmake) returned
[1.924s]   error code 1
[1.924s] Call Stack (most recent call first):
[1.924s]   /opt/ros/jazzy/share/ament_cmake_core/cmake/core/ament_package_xml.cmake:49 (_ament_package_xml)
[1.924s]   /opt/ros/jazzy/share/ament_lint_auto/cmake/ament_lint_auto_find_test_dependencies.cmake:31 (ament_package_xml)
[1.924s]   CMakeLists.txt:57 (ament_lint_auto_find_test_dependencies)
[1.924s] 
[1.924s] [0m
[1.924s] -- Configuring incomplete, errors occurred!
[1.932s] Invoked command in '/home/tim/dev_ws/build/my_bot' returned '1': DEBUGINFOD_URLS=https://debuginfod.ubuntu.com /usr/bin/cmake /home/tim/dev_ws/src/my_bot -DCMAKE_INSTALL_PREFIX=/home/tim/dev_ws/install/my_bot
