[0.011s] Invoking command in '/home/tim/dev_ws/build/my_bot': CMAKE_PREFIX_PATH=${CMAKE_PREFIX_PATH}:/opt/ros/jazzy DEBUGINFOD_URLS=https://debuginfod.ubuntu.com /usr/bin/cmake --build /home/tim/dev_ws/build/my_bot -- -j16 -l16
[0.038s] -- Found ament_cmake: 2.5.2 (/opt/ros/jazzy/share/ament_cmake/cmake)
[0.234s] -- Override CMake install command with custom implementation using symlinks instead of copying resources
[0.239s] -- Found ament_lint_auto: 0.17.1 (/opt/ros/jazzy/share/ament_lint_auto/cmake)
[0.327s] -- Added test 'copyright' to check source files copyright and LICENSE
[0.328s] -- Added test 'flake8' to check Python code syntax and style conventions
[0.329s] -- Configured 'flake8' exclude dirs and/or files: 
[0.329s] -- Added test 'lint_cmake' to check CMake code style
[0.329s] -- Added test 'pep257' to check Python code against some of the docstring style conventions in PEP 257
[0.330s] -- Added test 'xmllint' to check XML markup files
[0.331s] -- Configuring done (0.3s)
[0.332s] -- Generating done (0.0s)
[0.334s] -- Build files have been written to: /home/tim/dev_ws/build/my_bot
[0.356s] Invoked command in '/home/tim/dev_ws/build/my_bot' returned '0': CMAKE_PREFIX_PATH=${CMAKE_PREFIX_PATH}:/opt/ros/jazzy DEBUGINFOD_URLS=https://debuginfod.ubuntu.com /usr/bin/cmake --build /home/tim/dev_ws/build/my_bot -- -j16 -l16
[0.357s] Invoking command in '/home/tim/dev_ws/build/my_bot': CMAKE_PREFIX_PATH=${CMAKE_PREFIX_PATH}:/opt/ros/jazzy DEBUGINFOD_URLS=https://debuginfod.ubuntu.com /usr/bin/cmake --install /home/tim/dev_ws/build/my_bot
[0.367s] -- Install configuration: ""
[0.367s] -- Execute custom install script
[0.368s] -- Up-to-date symlink: /home/tim/dev_ws/install/my_bot/share/my_bot/launch/launch_sim.launch.py
[0.368s] -- Up-to-date symlink: /home/tim/dev_ws/install/my_bot/share/my_bot/launch/rsp.launch.py
[0.368s] -- Up-to-date symlink: /home/tim/dev_ws/install/my_bot/share/my_bot/description/camera.xacro
[0.368s] -- Up-to-date symlink: /home/tim/dev_ws/install/my_bot/share/my_bot/description/inertial_macros.xacro
[0.368s] -- Symlinking: /home/tim/dev_ws/install/my_bot/share/my_bot/description/robot.urdf
[0.379s] -- Up-to-date symlink: /home/tim/dev_ws/install/my_bot/share/my_bot/description/robot.urdf.xacro
[0.380s] -- Up-to-date symlink: /home/tim/dev_ws/install/my_bot/share/my_bot/description/robot_core.xacro
[0.380s] -- Up-to-date symlink: /home/tim/dev_ws/install/my_bot/share/my_bot/config/empty.yaml
[0.380s] -- Up-to-date symlink: /home/tim/dev_ws/install/my_bot/share/my_bot/config/empty.yaml
[0.380s] -- Up-to-date symlink: /home/tim/dev_ws/install/my_bot/share/my_bot/description/camera.xacro
[0.380s] -- Up-to-date symlink: /home/tim/dev_ws/install/my_bot/share/my_bot/description/inertial_macros.xacro
[0.380s] -- Up-to-date symlink: /home/tim/dev_ws/install/my_bot/share/my_bot/description/robot.urdf
[0.380s] -- Up-to-date symlink: /home/tim/dev_ws/install/my_bot/share/my_bot/description/robot.urdf.xacro
[0.380s] -- Up-to-date symlink: /home/tim/dev_ws/install/my_bot/share/my_bot/description/robot_core.xacro
[0.380s] -- Up-to-date symlink: /home/tim/dev_ws/install/my_bot/share/my_bot/launch/launch_sim.launch.py
[0.380s] -- Up-to-date symlink: /home/tim/dev_ws/install/my_bot/share/my_bot/launch/rsp.launch.py
[0.381s] -- Up-to-date symlink: /home/tim/dev_ws/install/my_bot/share/my_bot/worlds/empty.world
[0.381s] -- Up-to-date symlink: /home/tim/dev_ws/install/my_bot/share/ament_index/resource_index/package_run_dependencies/my_bot
[0.381s] -- Up-to-date symlink: /home/tim/dev_ws/install/my_bot/share/ament_index/resource_index/parent_prefix_path/my_bot
[0.381s] -- Up-to-date symlink: /home/tim/dev_ws/install/my_bot/share/my_bot/environment/ament_prefix_path.sh
[0.381s] -- Up-to-date symlink: /home/tim/dev_ws/install/my_bot/share/my_bot/environment/ament_prefix_path.dsv
[0.381s] -- Up-to-date symlink: /home/tim/dev_ws/install/my_bot/share/my_bot/environment/path.sh
[0.381s] -- Up-to-date symlink: /home/tim/dev_ws/install/my_bot/share/my_bot/environment/path.dsv
[0.382s] -- Up-to-date symlink: /home/tim/dev_ws/install/my_bot/share/my_bot/local_setup.bash
[0.382s] -- Up-to-date symlink: /home/tim/dev_ws/install/my_bot/share/my_bot/local_setup.sh
[0.382s] -- Up-to-date symlink: /home/tim/dev_ws/install/my_bot/share/my_bot/local_setup.zsh
[0.382s] -- Up-to-date symlink: /home/tim/dev_ws/install/my_bot/share/my_bot/local_setup.dsv
[0.382s] -- Symlinking: /home/tim/dev_ws/install/my_bot/share/my_bot/package.dsv
[0.400s] -- Up-to-date symlink: /home/tim/dev_ws/install/my_bot/share/ament_index/resource_index/packages/my_bot
[0.400s] -- Up-to-date symlink: /home/tim/dev_ws/install/my_bot/share/my_bot/cmake/my_botConfig.cmake
[0.400s] -- Up-to-date symlink: /home/tim/dev_ws/install/my_bot/share/my_bot/cmake/my_botConfig-version.cmake
[0.400s] -- Up-to-date symlink: /home/tim/dev_ws/install/my_bot/share/my_bot/package.xml
[0.404s] Invoked command in '/home/tim/dev_ws/build/my_bot' returned '0': CMAKE_PREFIX_PATH=${CMAKE_PREFIX_PATH}:/opt/ros/jazzy DEBUGINFOD_URLS=https://debuginfod.ubuntu.com /usr/bin/cmake --install /home/tim/dev_ws/build/my_bot
